{"uuid":"6e0550fe-89df-419c-b33f-f7acc1ee7a7c","historyId":"1edd93d8f6232ed6b2461ae2698fe701","fullName":"tests.CreateOrderTests.successCreateOrderTest","labels":[{"name":"package","value":"tests.CreateOrderTests"},{"name":"testClass","value":"tests.CreateOrderTests"},{"name":"testMethod","value":"successCreateOrderTest"},{"name":"parentSuite","value":"Default Suite"},{"name":"suite","value":"Luma_clothes_ui"},{"name":"subSuite","value":"tests.CreateOrderTests"},{"name":"host","value":"Aleksa"},{"name":"thread","value":"3380@Aleksa.main(1)"},{"name":"framework","value":"testng"},{"name":"language","value":"java"},{"name":"severity","value":"critical"}],"links":[],"name":"successCreateOrderTest","status":"failed","statusDetails":{"known":false,"muted":false,"flaky":false,"message":"Element not found {By.xpath: //div[@data-ui-id='message-success']/div}\r\nExpected: enabled\r\nScreenshot: file:/D:/QA/java-practice/Luma_clothes_ui/build/reports/tests/1736426914068.0.png\r\nPage source: file:/D:/QA/java-practice/Luma_clothes_ui/build/reports/tests/1736426914068.0.html\r\nTimeout: 4 s.\r\nCaused by: NoSuchElementException: no such element: Unable to locate element: {\"method\":\"xpath\",\"selector\":\"//div[@data-ui-id='message-success']/div\"}","trace":"Element not found {By.xpath: //div[@data-ui-id='message-success']/div}\r\nExpected: enabled\r\nScreenshot: file:/D:/QA/java-practice/Luma_clothes_ui/build/reports/tests/1736426914068.0.png\r\nPage source: file:/D:/QA/java-practice/Luma_clothes_ui/build/reports/tests/1736426914068.0.html\r\nTimeout: 4 s.\r\nCaused by: NoSuchElementException: no such element: Unable to locate element: {\"method\":\"xpath\",\"selector\":\"//div[@data-ui-id='message-success']/div\"}\r\n\tat com.codeborne.selenide.impl.WebElementSource.createElementNotFoundError(WebElementSource.java:90)\r\n\tat com.codeborne.selenide.impl.ElementFinder.createElementNotFoundError(ElementFinder.java:142)\r\n\tat com.codeborne.selenide.impl.WebElementSource.handleError(WebElementSource.java:142)\r\n\tat com.codeborne.selenide.impl.WebElementSource.checkConditionAndReturnElement(WebElementSource.java:126)\r\n\tat com.codeborne.selenide.impl.WebElementSource.checkCondition(WebElementSource.java:103)\r\n\tat com.codeborne.selenide.commands.Should.execute(Should.java:30)\r\n\tat com.codeborne.selenide.commands.Should.execute(Should.java:14)\r\n\tat com.codeborne.selenide.commands.Commands.execute(Commands.java:162)\r\n\tat com.codeborne.selenide.impl.SelenideElementProxy.dispatchAndRetry(SelenideElementProxy.java:134)\r\n\tat com.codeborne.selenide.impl.SelenideElementProxy.invoke(SelenideElementProxy.java:86)\r\n\tat jdk.proxy2/jdk.proxy2.$Proxy19.shouldBe(Unknown Source)\r\n\tat tools.PageTools.getElementText(PageTools.java:208)\r\n\tat pages.pdp.ProductPage.getSuccessMessage(ProductPage.java:105)\r\n\tat tests.CreateOrderTests.successCreateOrderTest(CreateOrderTests.java:32)\r\n\tat java.base/jdk.internal.reflect.DirectMethodHandleAccessor.invoke(DirectMethodHandleAccessor.java:103)\r\n\tat java.base/java.lang.reflect.Method.invoke(Method.java:580)\r\n\tat org.testng.internal.invokers.MethodInvocationHelper.invokeMethod(MethodInvocationHelper.java:139)\r\n\tat org.testng.internal.invokers.TestInvoker.invokeMethod(TestInvoker.java:664)\r\n\tat org.testng.internal.invokers.TestInvoker.invokeTestMethod(TestInvoker.java:228)\r\n\tat org.testng.internal.invokers.MethodRunner.runInSequence(MethodRunner.java:63)\r\n\tat org.testng.internal.invokers.TestInvoker$MethodInvocationAgent.invoke(TestInvoker.java:961)\r\n\tat org.testng.internal.invokers.TestInvoker.invokeTestMethods(TestInvoker.java:201)\r\n\tat org.testng.internal.invokers.TestMethodWorker.invokeTestMethods(TestMethodWorker.java:148)\r\n\tat org.testng.internal.invokers.TestMethodWorker.run(TestMethodWorker.java:128)\r\n\tat java.base/java.util.ArrayList.forEach(ArrayList.java:1597)\r\n\tat org.testng.TestRunner.privateRun(TestRunner.java:819)\r\n\tat org.testng.TestRunner.run(TestRunner.java:619)\r\n\tat org.testng.SuiteRunner.runTest(SuiteRunner.java:443)\r\n\tat org.testng.SuiteRunner.runSequentially(SuiteRunner.java:437)\r\n\tat org.testng.SuiteRunner.privateRun(SuiteRunner.java:397)\r\n\tat org.testng.SuiteRunner.run(SuiteRunner.java:336)\r\n\tat org.testng.SuiteRunnerWorker.runSuite(SuiteRunnerWorker.java:52)\r\n\tat org.testng.SuiteRunnerWorker.run(SuiteRunnerWorker.java:95)\r\n\tat org.testng.TestNG.runSuitesSequentially(TestNG.java:1301)\r\n\tat org.testng.TestNG.runSuitesLocally(TestNG.java:1228)\r\n\tat org.testng.TestNG.runSuites(TestNG.java:1134)\r\n\tat org.testng.TestNG.run(TestNG.java:1101)\r\n\tat com.intellij.rt.testng.IDEARemoteTestNG.run(IDEARemoteTestNG.java:65)\r\n\tat com.intellij.rt.testng.RemoteTestNGStarter.main(RemoteTestNGStarter.java:105)\r\nCaused by: org.openqa.selenium.NoSuchElementException: no such element: Unable to locate element: {\"method\":\"xpath\",\"selector\":\"//div[@data-ui-id='message-success']/div\"}\n  (Session info: chrome=131.0.6778.265)\nFor documentation on this error, please visit: https://www.selenium.dev/documentation/webdriver/troubleshooting/errors#no-such-element-exception\nBuild info: version: '4.24.0', revision: '748ffc9bc3'\nSystem info: os.name: 'Windows 11', os.arch: 'amd64', os.version: '10.0', java.version: '22.0.1'\nDriver info: org.openqa.selenium.chrome.ChromeDriver\nCommand: [0e26b9da034ddf0a238d684777577674, findElement {using=xpath, value=//div[@data-ui-id='message-success']/div}]\nCapabilities {acceptInsecureCerts: true, browserName: chrome, browserVersion: 131.0.6778.265, chrome: {chromedriverVersion: 131.0.6778.264 (2d05e315153..., userDataDir: C:\\Users\\visio\\AppData\\Loca...}, fedcm:accounts: true, goog:chromeOptions: {debuggerAddress: localhost:64569}, networkConnectionEnabled: false, pageLoadStrategy: normal, platformName: windows, proxy: Proxy(), se:cdp: ws://localhost:64569/devtoo..., se:cdpVersion: 131.0.6778.265, setWindowRect: true, strictFileInteractability: false, timeouts: {implicit: 0, pageLoad: 300000, script: 30000}, unhandledPromptBehavior: accept, webauthn:extension:credBlob: true, webauthn:extension:largeBlob: true, webauthn:extension:minPinLength: true, webauthn:extension:prf: true, webauthn:virtualAuthenticators: true}\nSession ID: 0e26b9da034ddf0a238d684777577674\r\n\tat java.base/jdk.internal.reflect.DirectConstructorHandleAccessor.newInstance(DirectConstructorHandleAccessor.java:62)\r\n\tat java.base/java.lang.reflect.Constructor.newInstanceWithCaller(Constructor.java:502)\r\n\tat java.base/java.lang.reflect.Constructor.newInstance(Constructor.java:486)\r\n\tat org.openqa.selenium.remote.ErrorCodec.decode(ErrorCodec.java:167)\r\n\tat org.openqa.selenium.remote.codec.w3c.W3CHttpResponseCodec.decode(W3CHttpResponseCodec.java:138)\r\n\tat org.openqa.selenium.remote.codec.w3c.W3CHttpResponseCodec.decode(W3CHttpResponseCodec.java:50)\r\n\tat org.openqa.selenium.remote.HttpCommandExecutor.execute(HttpCommandExecutor.java:190)\r\n\tat org.openqa.selenium.remote.service.DriverCommandExecutor.invokeExecute(DriverCommandExecutor.java:216)\r\n\tat org.openqa.selenium.remote.service.DriverCommandExecutor.execute(DriverCommandExecutor.java:174)\r\n\tat org.openqa.selenium.remote.RemoteWebDriver.execute(RemoteWebDriver.java:545)\r\n\tat org.openqa.selenium.remote.ElementLocation$ElementFinder$2.findElement(ElementLocation.java:165)\r\n\tat org.openqa.selenium.remote.ElementLocation.findElement(ElementLocation.java:59)\r\n\tat org.openqa.selenium.remote.RemoteWebDriver.findElement(RemoteWebDriver.java:368)\r\n\tat org.openqa.selenium.remote.RemoteWebDriver.findElement(RemoteWebDriver.java:362)\r\n\tat com.codeborne.selenide.impl.WebElementSelector.findElement(WebElementSelector.java:73)\r\n\tat com.codeborne.selenide.impl.WebElementSelector.findElement(WebElementSelector.java:46)\r\n\tat com.codeborne.selenide.impl.WebElementSelector.findElement(WebElementSelector.java:35)\r\n\tat com.codeborne.selenide.impl.ElementFinder.getWebElement(ElementFinder.java:122)\r\n\tat com.codeborne.selenide.impl.WebElementSource.checkConditionAndReturnElement(WebElementSource.java:115)\r\n\t... 35 more\r\n"},"stage":"finished","description":"Random product card is selected. Product is added to cart successfully. Order is created successfully","steps":[{"name":"http://46.101.147.48/ is opened in browser","status":"passed","stage":"finished","steps":[],"attachments":[],"parameters":[{"name":"url","value":"http://46.101.147.48/"}],"start":1736426888207,"stop":1736426901224},{"name":"Click Women button in Category menu","status":"passed","stage":"finished","steps":[{"name":"Click Women button in Category menu","status":"passed","stage":"finished","steps":[{"name":"$(\"By.xpath: //a[@id='ui-id-3']\") should be(visible)","status":"passed","stage":"finished","steps":[],"attachments":[],"parameters":[],"start":1736426903491,"stop":1736426903745},{"name":"$(\"By.xpath: //a[@id='ui-id-3']\") click()","status":"passed","stage":"finished","steps":[],"attachments":[],"parameters":[],"start":1736426903745,"stop":1736426905780}],"attachments":[],"parameters":[],"start":1736426901476,"stop":1736426905780}],"attachments":[],"parameters":[],"start":1736426901363,"stop":1736426905800},{"name":"Click Tops link","status":"passed","stage":"finished","steps":[{"name":"$(\"By.xpath: //a[text()='Tops']\") should be(visible)","status":"passed","stage":"finished","steps":[],"attachments":[],"parameters":[],"start":1736426905802,"stop":1736426905841},{"name":"$(\"By.xpath: //a[text()='Tops']\") click()","status":"passed","stage":"finished","steps":[],"attachments":[],"parameters":[],"start":1736426905841,"stop":1736426906971}],"attachments":[],"parameters":[],"start":1736426905801,"stop":1736426907025},{"name":"Click product card by 1","status":"passed","stage":"finished","steps":[{"name":"$(\"By.xpath: ( //div[@class='product-item-info'])[1]\") should be(visible)","status":"passed","stage":"finished","steps":[],"attachments":[],"parameters":[],"start":1736426907031,"stop":1736426907076},{"name":"$(\"By.xpath: ( //div[@class='product-item-info'])[1]\") click()","status":"passed","stage":"finished","steps":[],"attachments":[],"parameters":[],"start":1736426907076,"stop":1736426908992}],"attachments":[],"parameters":[{"name":"index","value":"1"}],"start":1736426907028,"stop":1736426909012},{"name":"Check if Product image/name/price/size/color buttons are displayed","status":"passed","stage":"finished","steps":[{"name":"Check if product image is displayed","status":"passed","stage":"finished","steps":[{"name":"$(\"By.xpath: //img[@class='fotorama__img']\") should be(visible)","status":"passed","stage":"finished","steps":[],"attachments":[],"parameters":[],"start":1736426909016,"stop":1736426909055},{"name":"$(\"By.xpath: //img[@class='fotorama__img']\") is(visible)","status":"passed","stage":"finished","steps":[],"attachments":[],"parameters":[],"start":1736426909056,"stop":1736426909100}],"attachments":[],"parameters":[],"start":1736426909014,"stop":1736426909100},{"name":"Check if Product name is displayed","status":"passed","stage":"finished","steps":[{"name":"$(\"By.xpath: //span[@itemprop='name']\") is(visible)","status":"passed","stage":"finished","steps":[],"attachments":[],"parameters":[],"start":1736426909107,"stop":1736426909139}],"attachments":[],"parameters":[],"start":1736426909107,"stop":1736426909139},{"name":"Check if price/prices is displayed","status":"passed","stage":"finished","steps":[{"name":"$(\"By.xpath: //span[@data-price-type='minPrice']//span[@class='price']\") is displayed()","status":"passed","stage":"finished","steps":[],"attachments":[],"parameters":[],"start":1736426909140,"stop":1736426909197},{"name":"$(\"By.xpath: //span[@class='price-wrapper ']/span\") is displayed()","status":"passed","stage":"finished","steps":[],"attachments":[],"parameters":[],"start":1736426909197,"stop":1736426909232},{"name":"$(\"By.xpath: //span[@class='price-wrapper ']/span[1]\") is(visible)","status":"passed","stage":"finished","steps":[],"attachments":[],"parameters":[],"start":1736426909233,"stop":1736426909263}],"attachments":[],"parameters":[],"start":1736426909139,"stop":1736426909263},{"name":"Check if Size button is displayed","status":"passed","stage":"finished","steps":[{"name":"$(\"By.xpath: //div[contains(@class, 'swatch-option text')]\") is(visible)","status":"passed","stage":"finished","steps":[],"attachments":[],"parameters":[],"start":1736426909264,"stop":1736426909297}],"attachments":[],"parameters":[],"start":1736426909263,"stop":1736426909297},{"name":"Check if Size button is displayed","status":"passed","stage":"finished","steps":[{"name":"$(\"By.xpath: //div[contains(@class, 'swatch-option text')]\") is(visible)","status":"passed","stage":"finished","steps":[],"attachments":[],"parameters":[],"start":1736426909298,"stop":1736426909322}],"attachments":[],"parameters":[],"start":1736426909297,"stop":1736426909322},{"name":"Check if Color button is displayed","status":"passed","stage":"finished","steps":[{"name":"$(\"By.xpath: //div[contains(@class, 'swatch-option color')]\") is(visible)","status":"passed","stage":"finished","steps":[],"attachments":[],"parameters":[],"start":1736426909322,"stop":1736426909348}],"attachments":[],"parameters":[],"start":1736426909322,"stop":1736426909348},{"name":"Check if Color button is displayed","status":"passed","stage":"finished","steps":[{"name":"$(\"By.xpath: //div[contains(@class, 'swatch-option color')]\") is(visible)","status":"passed","stage":"finished","steps":[],"attachments":[],"parameters":[],"start":1736426909356,"stop":1736426909390}],"attachments":[],"parameters":[],"start":1736426909348,"stop":1736426909390}],"attachments":[],"parameters":[],"start":1736426909014,"stop":1736426909390},{"name":"Select first size option","status":"passed","stage":"finished","steps":[{"name":"$(\"By.xpath: //div[contains(@class, 'swatch-option text')]\") should be(visible)","status":"passed","stage":"finished","steps":[],"attachments":[],"parameters":[],"start":1736426909390,"stop":1736426909417},{"name":"$(\"By.xpath: //div[contains(@class, 'swatch-option text')]\") click()","status":"passed","stage":"finished","steps":[],"attachments":[],"parameters":[],"start":1736426909417,"stop":1736426909576}],"attachments":[],"parameters":[],"start":1736426909390,"stop":1736426909576},{"name":"Select first color option","status":"passed","stage":"finished","steps":[{"name":"$(\"By.xpath: //div[contains(@class, 'swatch-option color')]\") should be(visible)","status":"passed","stage":"finished","steps":[],"attachments":[],"parameters":[],"start":1736426909578,"stop":1736426909619},{"name":"$(\"By.xpath: //div[contains(@class, 'swatch-option color')]\") click()","status":"passed","stage":"finished","steps":[],"attachments":[],"parameters":[],"start":1736426909619,"stop":1736426909813}],"attachments":[],"parameters":[],"start":1736426909576,"stop":1736426909813},{"name":"Click Add to Cart button","status":"passed","stage":"finished","steps":[{"name":"$(\"By.xpath: //button[contains(@id, 'addtocart')]\") should be(visible)","status":"passed","stage":"finished","steps":[],"attachments":[],"parameters":[],"start":1736426909815,"stop":1736426909874},{"name":"$(\"By.xpath: //button[contains(@id, 'addtocart')]\") click()","status":"passed","stage":"finished","steps":[],"attachments":[],"parameters":[],"start":1736426909875,"stop":1736426910022},{"name":"$(\"By.xpath: //button[contains(@id, 'addtocart')]\") should be(enabled)","status":"passed","stage":"finished","steps":[],"attachments":[],"parameters":[],"start":1736426910022,"stop":1736426910053}],"attachments":[],"parameters":[],"start":1736426909813,"stop":1736426910053},{"name":"Check success info message text","status":"failed","statusDetails":{"known":false,"muted":false,"flaky":false,"message":"Element not found {By.xpath: //div[@data-ui-id='message-success']/div}\r\nExpected: enabled\r\nScreenshot: file:/D:/QA/java-practice/Luma_clothes_ui/build/reports/tests/1736426914068.0.png\r\nPage source: file:/D:/QA/java-practice/Luma_clothes_ui/build/reports/tests/1736426914068.0.html\r\nTimeout: 4 s.\r\nCaused by: NoSuchElementException: no such element: Unable to locate element: {\"method\":\"xpath\",\"selector\":\"//div[@data-ui-id='message-success']/div\"}","trace":"Element not found {By.xpath: //div[@data-ui-id='message-success']/div}\r\nExpected: enabled\r\nScreenshot: file:/D:/QA/java-practice/Luma_clothes_ui/build/reports/tests/1736426914068.0.png\r\nPage source: file:/D:/QA/java-practice/Luma_clothes_ui/build/reports/tests/1736426914068.0.html\r\nTimeout: 4 s.\r\nCaused by: NoSuchElementException: no such element: Unable to locate element: {\"method\":\"xpath\",\"selector\":\"//div[@data-ui-id='message-success']/div\"}\r\n\tat com.codeborne.selenide.impl.WebElementSource.createElementNotFoundError(WebElementSource.java:90)\r\n\tat com.codeborne.selenide.impl.ElementFinder.createElementNotFoundError(ElementFinder.java:142)\r\n\tat com.codeborne.selenide.impl.WebElementSource.handleError(WebElementSource.java:142)\r\n\tat com.codeborne.selenide.impl.WebElementSource.checkConditionAndReturnElement(WebElementSource.java:126)\r\n\tat com.codeborne.selenide.impl.WebElementSource.checkCondition(WebElementSource.java:103)\r\n\tat com.codeborne.selenide.commands.Should.execute(Should.java:30)\r\n\tat com.codeborne.selenide.commands.Should.execute(Should.java:14)\r\n\tat com.codeborne.selenide.commands.Commands.execute(Commands.java:162)\r\n\tat com.codeborne.selenide.impl.SelenideElementProxy.dispatchAndRetry(SelenideElementProxy.java:134)\r\n\tat com.codeborne.selenide.impl.SelenideElementProxy.invoke(SelenideElementProxy.java:86)\r\n\tat jdk.proxy2/jdk.proxy2.$Proxy19.shouldBe(Unknown Source)\r\n\tat tools.PageTools.getElementText(PageTools.java:208)\r\n\tat pages.pdp.ProductPage.getSuccessMessage(ProductPage.java:105)\r\n\tat tests.CreateOrderTests.successCreateOrderTest(CreateOrderTests.java:32)\r\n\tat java.base/jdk.internal.reflect.DirectMethodHandleAccessor.invoke(DirectMethodHandleAccessor.java:103)\r\n\tat java.base/java.lang.reflect.Method.invoke(Method.java:580)\r\n\tat org.testng.internal.invokers.MethodInvocationHelper.invokeMethod(MethodInvocationHelper.java:139)\r\n\tat org.testng.internal.invokers.TestInvoker.invokeMethod(TestInvoker.java:664)\r\n\tat org.testng.internal.invokers.TestInvoker.invokeTestMethod(TestInvoker.java:228)\r\n\tat org.testng.internal.invokers.MethodRunner.runInSequence(MethodRunner.java:63)\r\n\tat org.testng.internal.invokers.TestInvoker$MethodInvocationAgent.invoke(TestInvoker.java:961)\r\n\tat org.testng.internal.invokers.TestInvoker.invokeTestMethods(TestInvoker.java:201)\r\n\tat org.testng.internal.invokers.TestMethodWorker.invokeTestMethods(TestMethodWorker.java:148)\r\n\tat org.testng.internal.invokers.TestMethodWorker.run(TestMethodWorker.java:128)\r\n\tat java.base/java.util.ArrayList.forEach(ArrayList.java:1597)\r\n\tat org.testng.TestRunner.privateRun(TestRunner.java:819)\r\n\tat org.testng.TestRunner.run(TestRunner.java:619)\r\n\tat org.testng.SuiteRunner.runTest(SuiteRunner.java:443)\r\n\tat org.testng.SuiteRunner.runSequentially(SuiteRunner.java:437)\r\n\tat org.testng.SuiteRunner.privateRun(SuiteRunner.java:397)\r\n\tat org.testng.SuiteRunner.run(SuiteRunner.java:336)\r\n\tat org.testng.SuiteRunnerWorker.runSuite(SuiteRunnerWorker.java:52)\r\n\tat org.testng.SuiteRunnerWorker.run(SuiteRunnerWorker.java:95)\r\n\tat org.testng.TestNG.runSuitesSequentially(TestNG.java:1301)\r\n\tat org.testng.TestNG.runSuitesLocally(TestNG.java:1228)\r\n\tat org.testng.TestNG.runSuites(TestNG.java:1134)\r\n\tat org.testng.TestNG.run(TestNG.java:1101)\r\n\tat com.intellij.rt.testng.IDEARemoteTestNG.run(IDEARemoteTestNG.java:65)\r\n\tat com.intellij.rt.testng.RemoteTestNGStarter.main(RemoteTestNGStarter.java:105)\r\nCaused by: org.openqa.selenium.NoSuchElementException: no such element: Unable to locate element: {\"method\":\"xpath\",\"selector\":\"//div[@data-ui-id='message-success']/div\"}\n  (Session info: chrome=131.0.6778.265)\nFor documentation on this error, please visit: https://www.selenium.dev/documentation/webdriver/troubleshooting/errors#no-such-element-exception\nBuild info: version: '4.24.0', revision: '748ffc9bc3'\nSystem info: os.name: 'Windows 11', os.arch: 'amd64', os.version: '10.0', java.version: '22.0.1'\nDriver info: org.openqa.selenium.chrome.ChromeDriver\nCommand: [0e26b9da034ddf0a238d684777577674, findElement {using=xpath, value=//div[@data-ui-id='message-success']/div}]\nCapabilities {acceptInsecureCerts: true, browserName: chrome, browserVersion: 131.0.6778.265, chrome: {chromedriverVersion: 131.0.6778.264 (2d05e315153..., userDataDir: C:\\Users\\visio\\AppData\\Loca...}, fedcm:accounts: true, goog:chromeOptions: {debuggerAddress: localhost:64569}, networkConnectionEnabled: false, pageLoadStrategy: normal, platformName: windows, proxy: Proxy(), se:cdp: ws://localhost:64569/devtoo..., se:cdpVersion: 131.0.6778.265, setWindowRect: true, strictFileInteractability: false, timeouts: {implicit: 0, pageLoad: 300000, script: 30000}, unhandledPromptBehavior: accept, webauthn:extension:credBlob: true, webauthn:extension:largeBlob: true, webauthn:extension:minPinLength: true, webauthn:extension:prf: true, webauthn:virtualAuthenticators: true}\nSession ID: 0e26b9da034ddf0a238d684777577674\r\n\tat java.base/jdk.internal.reflect.DirectConstructorHandleAccessor.newInstance(DirectConstructorHandleAccessor.java:62)\r\n\tat java.base/java.lang.reflect.Constructor.newInstanceWithCaller(Constructor.java:502)\r\n\tat java.base/java.lang.reflect.Constructor.newInstance(Constructor.java:486)\r\n\tat org.openqa.selenium.remote.ErrorCodec.decode(ErrorCodec.java:167)\r\n\tat org.openqa.selenium.remote.codec.w3c.W3CHttpResponseCodec.decode(W3CHttpResponseCodec.java:138)\r\n\tat org.openqa.selenium.remote.codec.w3c.W3CHttpResponseCodec.decode(W3CHttpResponseCodec.java:50)\r\n\tat org.openqa.selenium.remote.HttpCommandExecutor.execute(HttpCommandExecutor.java:190)\r\n\tat org.openqa.selenium.remote.service.DriverCommandExecutor.invokeExecute(DriverCommandExecutor.java:216)\r\n\tat org.openqa.selenium.remote.service.DriverCommandExecutor.execute(DriverCommandExecutor.java:174)\r\n\tat org.openqa.selenium.remote.RemoteWebDriver.execute(RemoteWebDriver.java:545)\r\n\tat org.openqa.selenium.remote.ElementLocation$ElementFinder$2.findElement(ElementLocation.java:165)\r\n\tat org.openqa.selenium.remote.ElementLocation.findElement(ElementLocation.java:59)\r\n\tat org.openqa.selenium.remote.RemoteWebDriver.findElement(RemoteWebDriver.java:368)\r\n\tat org.openqa.selenium.remote.RemoteWebDriver.findElement(RemoteWebDriver.java:362)\r\n\tat com.codeborne.selenide.impl.WebElementSelector.findElement(WebElementSelector.java:73)\r\n\tat com.codeborne.selenide.impl.WebElementSelector.findElement(WebElementSelector.java:46)\r\n\tat com.codeborne.selenide.impl.WebElementSelector.findElement(WebElementSelector.java:35)\r\n\tat com.codeborne.selenide.impl.ElementFinder.getWebElement(ElementFinder.java:122)\r\n\tat com.codeborne.selenide.impl.WebElementSource.checkConditionAndReturnElement(WebElementSource.java:115)\r\n\t... 35 more\r\n"},"stage":"finished","steps":[{"name":"$(\"By.xpath: //div[@data-ui-id='message-success']/div\") should be(enabled)","status":"failed","statusDetails":{"known":false,"muted":false,"flaky":false,"message":"Element not found {By.xpath: //div[@data-ui-id='message-success']/div}\r\nExpected: enabled\r\nScreenshot: file:/D:/QA/java-practice/Luma_clothes_ui/build/reports/tests/1736426914068.0.png\r\nPage source: file:/D:/QA/java-practice/Luma_clothes_ui/build/reports/tests/1736426914068.0.html\r\nTimeout: 4 s.\r\nCaused by: NoSuchElementException: no such element: Unable to locate element: {\"method\":\"xpath\",\"selector\":\"//div[@data-ui-id='message-success']/div\"}","trace":"Element not found {By.xpath: //div[@data-ui-id='message-success']/div}\r\nExpected: enabled\r\nScreenshot: file:/D:/QA/java-practice/Luma_clothes_ui/build/reports/tests/1736426914068.0.png\r\nPage source: file:/D:/QA/java-practice/Luma_clothes_ui/build/reports/tests/1736426914068.0.html\r\nTimeout: 4 s.\r\nCaused by: NoSuchElementException: no such element: Unable to locate element: {\"method\":\"xpath\",\"selector\":\"//div[@data-ui-id='message-success']/div\"}\r\n\tat com.codeborne.selenide.impl.WebElementSource.createElementNotFoundError(WebElementSource.java:90)\r\n\tat com.codeborne.selenide.impl.ElementFinder.createElementNotFoundError(ElementFinder.java:142)\r\n\tat com.codeborne.selenide.impl.WebElementSource.handleError(WebElementSource.java:142)\r\n\tat com.codeborne.selenide.impl.WebElementSource.checkConditionAndReturnElement(WebElementSource.java:126)\r\n\tat com.codeborne.selenide.impl.WebElementSource.checkCondition(WebElementSource.java:103)\r\n\tat com.codeborne.selenide.commands.Should.execute(Should.java:30)\r\n\tat com.codeborne.selenide.commands.Should.execute(Should.java:14)\r\n\tat com.codeborne.selenide.commands.Commands.execute(Commands.java:162)\r\n\tat com.codeborne.selenide.impl.SelenideElementProxy.dispatchAndRetry(SelenideElementProxy.java:134)\r\n\tat com.codeborne.selenide.impl.SelenideElementProxy.invoke(SelenideElementProxy.java:86)\r\n\tat jdk.proxy2/jdk.proxy2.$Proxy19.shouldBe(Unknown Source)\r\n\tat tools.PageTools.getElementText(PageTools.java:208)\r\n\tat pages.pdp.ProductPage.getSuccessMessage(ProductPage.java:105)\r\n\tat tests.CreateOrderTests.successCreateOrderTest(CreateOrderTests.java:32)\r\n\tat java.base/jdk.internal.reflect.DirectMethodHandleAccessor.invoke(DirectMethodHandleAccessor.java:103)\r\n\tat java.base/java.lang.reflect.Method.invoke(Method.java:580)\r\n\tat org.testng.internal.invokers.MethodInvocationHelper.invokeMethod(MethodInvocationHelper.java:139)\r\n\tat org.testng.internal.invokers.TestInvoker.invokeMethod(TestInvoker.java:664)\r\n\tat org.testng.internal.invokers.TestInvoker.invokeTestMethod(TestInvoker.java:228)\r\n\tat org.testng.internal.invokers.MethodRunner.runInSequence(MethodRunner.java:63)\r\n\tat org.testng.internal.invokers.TestInvoker$MethodInvocationAgent.invoke(TestInvoker.java:961)\r\n\tat org.testng.internal.invokers.TestInvoker.invokeTestMethods(TestInvoker.java:201)\r\n\tat org.testng.internal.invokers.TestMethodWorker.invokeTestMethods(TestMethodWorker.java:148)\r\n\tat org.testng.internal.invokers.TestMethodWorker.run(TestMethodWorker.java:128)\r\n\tat java.base/java.util.ArrayList.forEach(ArrayList.java:1597)\r\n\tat org.testng.TestRunner.privateRun(TestRunner.java:819)\r\n\tat org.testng.TestRunner.run(TestRunner.java:619)\r\n\tat org.testng.SuiteRunner.runTest(SuiteRunner.java:443)\r\n\tat org.testng.SuiteRunner.runSequentially(SuiteRunner.java:437)\r\n\tat org.testng.SuiteRunner.privateRun(SuiteRunner.java:397)\r\n\tat org.testng.SuiteRunner.run(SuiteRunner.java:336)\r\n\tat org.testng.SuiteRunnerWorker.runSuite(SuiteRunnerWorker.java:52)\r\n\tat org.testng.SuiteRunnerWorker.run(SuiteRunnerWorker.java:95)\r\n\tat org.testng.TestNG.runSuitesSequentially(TestNG.java:1301)\r\n\tat org.testng.TestNG.runSuitesLocally(TestNG.java:1228)\r\n\tat org.testng.TestNG.runSuites(TestNG.java:1134)\r\n\tat org.testng.TestNG.run(TestNG.java:1101)\r\n\tat com.intellij.rt.testng.IDEARemoteTestNG.run(IDEARemoteTestNG.java:65)\r\n\tat com.intellij.rt.testng.RemoteTestNGStarter.main(RemoteTestNGStarter.java:105)\r\nCaused by: org.openqa.selenium.NoSuchElementException: no such element: Unable to locate element: {\"method\":\"xpath\",\"selector\":\"//div[@data-ui-id='message-success']/div\"}\n  (Session info: chrome=131.0.6778.265)\nFor documentation on this error, please visit: https://www.selenium.dev/documentation/webdriver/troubleshooting/errors#no-such-element-exception\nBuild info: version: '4.24.0', revision: '748ffc9bc3'\nSystem info: os.name: 'Windows 11', os.arch: 'amd64', os.version: '10.0', java.version: '22.0.1'\nDriver info: org.openqa.selenium.chrome.ChromeDriver\nCommand: [0e26b9da034ddf0a238d684777577674, findElement {using=xpath, value=//div[@data-ui-id='message-success']/div}]\nCapabilities {acceptInsecureCerts: true, browserName: chrome, browserVersion: 131.0.6778.265, chrome: {chromedriverVersion: 131.0.6778.264 (2d05e315153..., userDataDir: C:\\Users\\visio\\AppData\\Loca...}, fedcm:accounts: true, goog:chromeOptions: {debuggerAddress: localhost:64569}, networkConnectionEnabled: false, pageLoadStrategy: normal, platformName: windows, proxy: Proxy(), se:cdp: ws://localhost:64569/devtoo..., se:cdpVersion: 131.0.6778.265, setWindowRect: true, strictFileInteractability: false, timeouts: {implicit: 0, pageLoad: 300000, script: 30000}, unhandledPromptBehavior: accept, webauthn:extension:credBlob: true, webauthn:extension:largeBlob: true, webauthn:extension:minPinLength: true, webauthn:extension:prf: true, webauthn:virtualAuthenticators: true}\nSession ID: 0e26b9da034ddf0a238d684777577674\r\n\tat java.base/jdk.internal.reflect.DirectConstructorHandleAccessor.newInstance(DirectConstructorHandleAccessor.java:62)\r\n\tat java.base/java.lang.reflect.Constructor.newInstanceWithCaller(Constructor.java:502)\r\n\tat java.base/java.lang.reflect.Constructor.newInstance(Constructor.java:486)\r\n\tat org.openqa.selenium.remote.ErrorCodec.decode(ErrorCodec.java:167)\r\n\tat org.openqa.selenium.remote.codec.w3c.W3CHttpResponseCodec.decode(W3CHttpResponseCodec.java:138)\r\n\tat org.openqa.selenium.remote.codec.w3c.W3CHttpResponseCodec.decode(W3CHttpResponseCodec.java:50)\r\n\tat org.openqa.selenium.remote.HttpCommandExecutor.execute(HttpCommandExecutor.java:190)\r\n\tat org.openqa.selenium.remote.service.DriverCommandExecutor.invokeExecute(DriverCommandExecutor.java:216)\r\n\tat org.openqa.selenium.remote.service.DriverCommandExecutor.execute(DriverCommandExecutor.java:174)\r\n\tat org.openqa.selenium.remote.RemoteWebDriver.execute(RemoteWebDriver.java:545)\r\n\tat org.openqa.selenium.remote.ElementLocation$ElementFinder$2.findElement(ElementLocation.java:165)\r\n\tat org.openqa.selenium.remote.ElementLocation.findElement(ElementLocation.java:59)\r\n\tat org.openqa.selenium.remote.RemoteWebDriver.findElement(RemoteWebDriver.java:368)\r\n\tat org.openqa.selenium.remote.RemoteWebDriver.findElement(RemoteWebDriver.java:362)\r\n\tat com.codeborne.selenide.impl.WebElementSelector.findElement(WebElementSelector.java:73)\r\n\tat com.codeborne.selenide.impl.WebElementSelector.findElement(WebElementSelector.java:46)\r\n\tat com.codeborne.selenide.impl.WebElementSelector.findElement(WebElementSelector.java:35)\r\n\tat com.codeborne.selenide.impl.ElementFinder.getWebElement(ElementFinder.java:122)\r\n\tat com.codeborne.selenide.impl.WebElementSource.checkConditionAndReturnElement(WebElementSource.java:115)\r\n\t... 35 more\r\n"},"stage":"finished","steps":[],"attachments":[{"name":"Screenshot","source":"4836811b-46d2-4823-a27f-a2fed95eb551-attachment.png","type":"image/png"},{"name":"Page source","source":"803867e9-123e-4f4e-b0fc-cb33e5b2e291-attachment.html","type":"text/html"}],"parameters":[],"start":1736426910054,"stop":1736426914586}],"attachments":[],"parameters":[],"start":1736426910054,"stop":1736426914586}],"attachments":[],"parameters":[],"start":1736426888155,"stop":1736426914601}