{"uuid":"820a9d74-85e0-4014-83e9-46a49feb38dc","historyId":"e71e518772696324b44f53cbd8bfeb62","fullName":"tests.LoginTests.successLoginTests","labels":[{"name":"package","value":"tests.LoginTests"},{"name":"testClass","value":"tests.LoginTests"},{"name":"testMethod","value":"successLoginTests"},{"name":"parentSuite","value":"Default Suite"},{"name":"suite","value":"Luma_clothes_ui"},{"name":"subSuite","value":"tests.LoginTests"},{"name":"host","value":"Aleksa"},{"name":"thread","value":"9356@Aleksa.main(1)"},{"name":"framework","value":"testng"},{"name":"language","value":"java"},{"name":"severity","value":"critical"}],"links":[],"name":"successLoginTests","status":"broken","statusDetails":{"known":false,"muted":false,"flaky":false,"message":"no such window: target window already closed\nfrom unknown error: web view not found\n  (Session info: chrome=131.0.6778.266)\nBuild info: version: '4.24.0', revision: '748ffc9bc3'\nSystem info: os.name: 'Windows 11', os.arch: 'amd64', os.version: '10.0', java.version: '22.0.1'\nDriver info: org.openqa.selenium.chrome.ChromeDriver\nCommand: [34a2c890d0130a0a1c28f86320c1f342, executeScript {script=document.evaluate(\"//div[@role='user_login']\", document, null, XPathResult.FIRST_ORDERED_NODE_TYPE, null).singleNodeValue.remove();, args=[]}]\nCapabilities {acceptInsecureCerts: true, browserName: chrome, browserVersion: 131.0.6778.266, chrome: {chromedriverVersion: 131.0.6778.264 (2d05e315153..., userDataDir: C:\\Users\\visio\\AppData\\Loca...}, fedcm:accounts: true, goog:chromeOptions: {debuggerAddress: localhost:61463}, networkConnectionEnabled: false, pageLoadStrategy: normal, platformName: windows, proxy: Proxy(), se:cdp: ws://localhost:61463/devtoo..., se:cdpVersion: 131.0.6778.266, setWindowRect: true, strictFileInteractability: false, timeouts: {implicit: 0, pageLoad: 300000, script: 30000}, unhandledPromptBehavior: accept, webauthn:extension:credBlob: true, webauthn:extension:largeBlob: true, webauthn:extension:minPinLength: true, webauthn:extension:prf: true, webauthn:virtualAuthenticators: true}\nSession ID: 34a2c890d0130a0a1c28f86320c1f342","trace":"org.openqa.selenium.NoSuchWindowException: no such window: target window already closed\nfrom unknown error: web view not found\n  (Session info: chrome=131.0.6778.266)\nBuild info: version: '4.24.0', revision: '748ffc9bc3'\nSystem info: os.name: 'Windows 11', os.arch: 'amd64', os.version: '10.0', java.version: '22.0.1'\nDriver info: org.openqa.selenium.chrome.ChromeDriver\nCommand: [34a2c890d0130a0a1c28f86320c1f342, executeScript {script=document.evaluate(\"//div[@role='user_login']\", document, null, XPathResult.FIRST_ORDERED_NODE_TYPE, null).singleNodeValue.remove();, args=[]}]\nCapabilities {acceptInsecureCerts: true, browserName: chrome, browserVersion: 131.0.6778.266, chrome: {chromedriverVersion: 131.0.6778.264 (2d05e315153..., userDataDir: C:\\Users\\visio\\AppData\\Loca...}, fedcm:accounts: true, goog:chromeOptions: {debuggerAddress: localhost:61463}, networkConnectionEnabled: false, pageLoadStrategy: normal, platformName: windows, proxy: Proxy(), se:cdp: ws://localhost:61463/devtoo..., se:cdpVersion: 131.0.6778.266, setWindowRect: true, strictFileInteractability: false, timeouts: {implicit: 0, pageLoad: 300000, script: 30000}, unhandledPromptBehavior: accept, webauthn:extension:credBlob: true, webauthn:extension:largeBlob: true, webauthn:extension:minPinLength: true, webauthn:extension:prf: true, webauthn:virtualAuthenticators: true}\nSession ID: 34a2c890d0130a0a1c28f86320c1f342\r\n\tat java.base/jdk.internal.reflect.DirectConstructorHandleAccessor.newInstance(DirectConstructorHandleAccessor.java:62)\r\n\tat java.base/java.lang.reflect.Constructor.newInstanceWithCaller(Constructor.java:502)\r\n\tat java.base/java.lang.reflect.Constructor.newInstance(Constructor.java:486)\r\n\tat org.openqa.selenium.remote.ErrorCodec.decode(ErrorCodec.java:167)\r\n\tat org.openqa.selenium.remote.codec.w3c.W3CHttpResponseCodec.decode(W3CHttpResponseCodec.java:138)\r\n\tat org.openqa.selenium.remote.codec.w3c.W3CHttpResponseCodec.decode(W3CHttpResponseCodec.java:50)\r\n\tat org.openqa.selenium.remote.HttpCommandExecutor.execute(HttpCommandExecutor.java:190)\r\n\tat org.openqa.selenium.remote.service.DriverCommandExecutor.invokeExecute(DriverCommandExecutor.java:216)\r\n\tat org.openqa.selenium.remote.service.DriverCommandExecutor.execute(DriverCommandExecutor.java:174)\r\n\tat org.openqa.selenium.remote.RemoteWebDriver.execute(RemoteWebDriver.java:545)\r\n\tat org.openqa.selenium.remote.RemoteWebDriver.executeScript(RemoteWebDriver.java:476)\r\n\tat com.codeborne.selenide.Driver.executeJavaScript(Driver.java:56)\r\n\tat com.codeborne.selenide.SelenideDriver.executeJavaScript(SelenideDriver.java:225)\r\n\tat com.codeborne.selenide.Selenide.executeJavaScript(Selenide.java:568)\r\n\tat tools.PageTools.jsRemoveCaptcha(PageTools.java:294)\r\n\tat pages.userPages.LoginPage.clickSignInButton(LoginPage.java:38)\r\n\tat tests.LoginTests.successLoginTests(LoginTests.java:27)\r\n\tat java.base/jdk.internal.reflect.DirectMethodHandleAccessor.invoke(DirectMethodHandleAccessor.java:103)\r\n\tat java.base/java.lang.reflect.Method.invoke(Method.java:580)\r\n\tat org.testng.internal.invokers.MethodInvocationHelper.invokeMethod(MethodInvocationHelper.java:139)\r\n\tat org.testng.internal.invokers.TestInvoker.invokeMethod(TestInvoker.java:664)\r\n\tat org.testng.internal.invokers.TestInvoker.invokeTestMethod(TestInvoker.java:228)\r\n\tat org.testng.internal.invokers.MethodRunner.runInSequence(MethodRunner.java:63)\r\n\tat org.testng.internal.invokers.TestInvoker$MethodInvocationAgent.invoke(TestInvoker.java:961)\r\n\tat org.testng.internal.invokers.TestInvoker.invokeTestMethods(TestInvoker.java:201)\r\n\tat org.testng.internal.invokers.TestMethodWorker.invokeTestMethods(TestMethodWorker.java:148)\r\n\tat org.testng.internal.invokers.TestMethodWorker.run(TestMethodWorker.java:128)\r\n\tat java.base/java.util.ArrayList.forEach(ArrayList.java:1597)\r\n\tat org.testng.TestRunner.privateRun(TestRunner.java:819)\r\n\tat org.testng.TestRunner.run(TestRunner.java:619)\r\n\tat org.testng.SuiteRunner.runTest(SuiteRunner.java:443)\r\n\tat org.testng.SuiteRunner.runSequentially(SuiteRunner.java:437)\r\n\tat org.testng.SuiteRunner.privateRun(SuiteRunner.java:397)\r\n\tat org.testng.SuiteRunner.run(SuiteRunner.java:336)\r\n\tat org.testng.SuiteRunnerWorker.runSuite(SuiteRunnerWorker.java:52)\r\n\tat org.testng.SuiteRunnerWorker.run(SuiteRunnerWorker.java:95)\r\n\tat org.testng.TestNG.runSuitesSequentially(TestNG.java:1301)\r\n\tat org.testng.TestNG.runSuitesLocally(TestNG.java:1228)\r\n\tat org.testng.TestNG.runSuites(TestNG.java:1134)\r\n\tat org.testng.TestNG.run(TestNG.java:1101)\r\n\tat com.intellij.rt.testng.IDEARemoteTestNG.run(IDEARemoteTestNG.java:65)\r\n\tat com.intellij.rt.testng.RemoteTestNGStarter.main(RemoteTestNGStarter.java:105)\r\n"},"stage":"finished","description":"Form is applied with valid data. User is logged in","steps":[{"name":"http://46.101.147.48/ is opened in browser","status":"passed","stage":"finished","steps":[],"attachments":[],"parameters":[{"name":"url","value":"http://46.101.147.48/"}],"start":1737624521582,"stop":1737624528545},{"name":"Click Sign Out link in header","status":"passed","stage":"finished","steps":[{"name":"Click Sign In link in header","status":"passed","stage":"finished","steps":[{"name":"$(\"By.xpath: //a[contains(text(), 'Sign In')]\") should be(visible)","status":"passed","stage":"finished","steps":[],"attachments":[],"parameters":[],"start":1737624530727,"stop":1737624530952},{"name":"$(\"By.xpath: //a[contains(text(), 'Sign In')]\") click()","status":"passed","stage":"finished","steps":[],"attachments":[],"parameters":[],"start":1737624530952,"stop":1737624531420}],"attachments":[],"parameters":[],"start":1737624528861,"stop":1737624531420}],"attachments":[],"parameters":[],"start":1737624528708,"stop":1737624531481},{"name":"Check if Login form/Sign In button/Create an account button is displayed","status":"passed","stage":"finished","steps":[{"name":"Check if Email label is displayed","status":"passed","stage":"finished","steps":[{"name":"$(\"fieldset/By.xpath: .//label[@for='email']/span\") is(visible)","status":"passed","stage":"finished","steps":[],"attachments":[],"parameters":[],"start":1737624531488,"stop":1737624531712}],"attachments":[],"parameters":[],"start":1737624531485,"stop":1737624531712},{"name":"Check if Email field is displayed","status":"passed","stage":"finished","steps":[{"name":"$(\"fieldset/By.xpath: .//input[@id='email']\") is(visible)","status":"passed","stage":"finished","steps":[],"attachments":[],"parameters":[],"start":1737624531730,"stop":1737624531823}],"attachments":[],"parameters":[],"start":1737624531725,"stop":1737624531823},{"name":"Check if Password label is displayed","status":"passed","stage":"finished","steps":[{"name":"$(\"fieldset/By.xpath: .//label[@for='pass']/span\") is(visible)","status":"passed","stage":"finished","steps":[],"attachments":[],"parameters":[],"start":1737624531824,"stop":1737624531878}],"attachments":[],"parameters":[],"start":1737624531824,"stop":1737624531882},{"name":"Check if Password field is displayed","status":"passed","stage":"finished","steps":[{"name":"$(\"fieldset/By.xpath: .//input[@id='pass']\") is(visible)","status":"passed","stage":"finished","steps":[],"attachments":[],"parameters":[],"start":1737624531882,"stop":1737624531943}],"attachments":[],"parameters":[],"start":1737624531882,"stop":1737624531943},{"name":"$(\"fieldset/By.xpath: .//button[@name='send']\") is(visible)","status":"passed","stage":"finished","steps":[],"attachments":[],"parameters":[],"start":1737624531943,"stop":1737624532017},{"name":"Check if Create an Account Button is displayed","status":"passed","stage":"finished","steps":[{"name":"$(\"By.xpath: //a[@class='action create primary']\") is(visible)","status":"passed","stage":"finished","steps":[],"attachments":[],"parameters":[],"start":1737624532019,"stop":1737624532065}],"attachments":[],"parameters":[],"start":1737624532018,"stop":1737624532065}],"attachments":[],"parameters":[],"start":1737624531484,"stop":1737624532065},{"name":"Fill Email field with bonus@gmail.nl","status":"passed","stage":"finished","steps":[{"name":"$(\"fieldset/By.xpath: .//input[@id='email']\") should be(visible)","status":"passed","stage":"finished","steps":[],"attachments":[],"parameters":[],"start":1737624532066,"stop":1737624532124},{"name":"$(\"fieldset/By.xpath: .//input[@id='email']\") send keys(bonus@gmail.nl)","status":"passed","stage":"finished","steps":[],"attachments":[],"parameters":[],"start":1737624532124,"stop":1737624532311}],"attachments":[],"parameters":[{"name":"email","value":"bonus@gmail.nl"}],"start":1737624532065,"stop":1737624532311},{"name":"Fill Password field with Aleksa111!","status":"passed","stage":"finished","steps":[{"name":"$(\"fieldset/By.xpath: .//input[@id='pass']\") should be(visible)","status":"passed","stage":"finished","steps":[],"attachments":[],"parameters":[],"start":1737624532312,"stop":1737624532355},{"name":"$(\"fieldset/By.xpath: .//input[@id='pass']\") send keys(Aleksa111!)","status":"passed","stage":"finished","steps":[],"attachments":[],"parameters":[],"start":1737624532355,"stop":1737624532488}],"attachments":[],"parameters":[{"name":"password","value":"Aleksa111!"}],"start":1737624532312,"stop":1737624532488},{"name":"Click Sign in button","status":"broken","statusDetails":{"known":false,"muted":false,"flaky":false,"message":"no such window: target window already closed\nfrom unknown error: web view not found\n  (Session info: chrome=131.0.6778.266)\nBuild info: version: '4.24.0', revision: '748ffc9bc3'\nSystem info: os.name: 'Windows 11', os.arch: 'amd64', os.version: '10.0', java.version: '22.0.1'\nDriver info: org.openqa.selenium.chrome.ChromeDriver\nCommand: [34a2c890d0130a0a1c28f86320c1f342, executeScript {script=document.evaluate(\"//div[@role='user_login']\", document, null, XPathResult.FIRST_ORDERED_NODE_TYPE, null).singleNodeValue.remove();, args=[]}]\nCapabilities {acceptInsecureCerts: true, browserName: chrome, browserVersion: 131.0.6778.266, chrome: {chromedriverVersion: 131.0.6778.264 (2d05e315153..., userDataDir: C:\\Users\\visio\\AppData\\Loca...}, fedcm:accounts: true, goog:chromeOptions: {debuggerAddress: localhost:61463}, networkConnectionEnabled: false, pageLoadStrategy: normal, platformName: windows, proxy: Proxy(), se:cdp: ws://localhost:61463/devtoo..., se:cdpVersion: 131.0.6778.266, setWindowRect: true, strictFileInteractability: false, timeouts: {implicit: 0, pageLoad: 300000, script: 30000}, unhandledPromptBehavior: accept, webauthn:extension:credBlob: true, webauthn:extension:largeBlob: true, webauthn:extension:minPinLength: true, webauthn:extension:prf: true, webauthn:virtualAuthenticators: true}\nSession ID: 34a2c890d0130a0a1c28f86320c1f342","trace":"org.openqa.selenium.NoSuchWindowException: no such window: target window already closed\nfrom unknown error: web view not found\n  (Session info: chrome=131.0.6778.266)\nBuild info: version: '4.24.0', revision: '748ffc9bc3'\nSystem info: os.name: 'Windows 11', os.arch: 'amd64', os.version: '10.0', java.version: '22.0.1'\nDriver info: org.openqa.selenium.chrome.ChromeDriver\nCommand: [34a2c890d0130a0a1c28f86320c1f342, executeScript {script=document.evaluate(\"//div[@role='user_login']\", document, null, XPathResult.FIRST_ORDERED_NODE_TYPE, null).singleNodeValue.remove();, args=[]}]\nCapabilities {acceptInsecureCerts: true, browserName: chrome, browserVersion: 131.0.6778.266, chrome: {chromedriverVersion: 131.0.6778.264 (2d05e315153..., userDataDir: C:\\Users\\visio\\AppData\\Loca...}, fedcm:accounts: true, goog:chromeOptions: {debuggerAddress: localhost:61463}, networkConnectionEnabled: false, pageLoadStrategy: normal, platformName: windows, proxy: Proxy(), se:cdp: ws://localhost:61463/devtoo..., se:cdpVersion: 131.0.6778.266, setWindowRect: true, strictFileInteractability: false, timeouts: {implicit: 0, pageLoad: 300000, script: 30000}, unhandledPromptBehavior: accept, webauthn:extension:credBlob: true, webauthn:extension:largeBlob: true, webauthn:extension:minPinLength: true, webauthn:extension:prf: true, webauthn:virtualAuthenticators: true}\nSession ID: 34a2c890d0130a0a1c28f86320c1f342\r\n\tat java.base/jdk.internal.reflect.DirectConstructorHandleAccessor.newInstance(DirectConstructorHandleAccessor.java:62)\r\n\tat java.base/java.lang.reflect.Constructor.newInstanceWithCaller(Constructor.java:502)\r\n\tat java.base/java.lang.reflect.Constructor.newInstance(Constructor.java:486)\r\n\tat org.openqa.selenium.remote.ErrorCodec.decode(ErrorCodec.java:167)\r\n\tat org.openqa.selenium.remote.codec.w3c.W3CHttpResponseCodec.decode(W3CHttpResponseCodec.java:138)\r\n\tat org.openqa.selenium.remote.codec.w3c.W3CHttpResponseCodec.decode(W3CHttpResponseCodec.java:50)\r\n\tat org.openqa.selenium.remote.HttpCommandExecutor.execute(HttpCommandExecutor.java:190)\r\n\tat org.openqa.selenium.remote.service.DriverCommandExecutor.invokeExecute(DriverCommandExecutor.java:216)\r\n\tat org.openqa.selenium.remote.service.DriverCommandExecutor.execute(DriverCommandExecutor.java:174)\r\n\tat org.openqa.selenium.remote.RemoteWebDriver.execute(RemoteWebDriver.java:545)\r\n\tat org.openqa.selenium.remote.RemoteWebDriver.executeScript(RemoteWebDriver.java:476)\r\n\tat com.codeborne.selenide.Driver.executeJavaScript(Driver.java:56)\r\n\tat com.codeborne.selenide.SelenideDriver.executeJavaScript(SelenideDriver.java:225)\r\n\tat com.codeborne.selenide.Selenide.executeJavaScript(Selenide.java:568)\r\n\tat tools.PageTools.jsRemoveCaptcha(PageTools.java:294)\r\n\tat pages.userPages.LoginPage.clickSignInButton(LoginPage.java:38)\r\n\tat tests.LoginTests.successLoginTests(LoginTests.java:27)\r\n\tat java.base/jdk.internal.reflect.DirectMethodHandleAccessor.invoke(DirectMethodHandleAccessor.java:103)\r\n\tat java.base/java.lang.reflect.Method.invoke(Method.java:580)\r\n\tat org.testng.internal.invokers.MethodInvocationHelper.invokeMethod(MethodInvocationHelper.java:139)\r\n\tat org.testng.internal.invokers.TestInvoker.invokeMethod(TestInvoker.java:664)\r\n\tat org.testng.internal.invokers.TestInvoker.invokeTestMethod(TestInvoker.java:228)\r\n\tat org.testng.internal.invokers.MethodRunner.runInSequence(MethodRunner.java:63)\r\n\tat org.testng.internal.invokers.TestInvoker$MethodInvocationAgent.invoke(TestInvoker.java:961)\r\n\tat org.testng.internal.invokers.TestInvoker.invokeTestMethods(TestInvoker.java:201)\r\n\tat org.testng.internal.invokers.TestMethodWorker.invokeTestMethods(TestMethodWorker.java:148)\r\n\tat org.testng.internal.invokers.TestMethodWorker.run(TestMethodWorker.java:128)\r\n\tat java.base/java.util.ArrayList.forEach(ArrayList.java:1597)\r\n\tat org.testng.TestRunner.privateRun(TestRunner.java:819)\r\n\tat org.testng.TestRunner.run(TestRunner.java:619)\r\n\tat org.testng.SuiteRunner.runTest(SuiteRunner.java:443)\r\n\tat org.testng.SuiteRunner.runSequentially(SuiteRunner.java:437)\r\n\tat org.testng.SuiteRunner.privateRun(SuiteRunner.java:397)\r\n\tat org.testng.SuiteRunner.run(SuiteRunner.java:336)\r\n\tat org.testng.SuiteRunnerWorker.runSuite(SuiteRunnerWorker.java:52)\r\n\tat org.testng.SuiteRunnerWorker.run(SuiteRunnerWorker.java:95)\r\n\tat org.testng.TestNG.runSuitesSequentially(TestNG.java:1301)\r\n\tat org.testng.TestNG.runSuitesLocally(TestNG.java:1228)\r\n\tat org.testng.TestNG.runSuites(TestNG.java:1134)\r\n\tat org.testng.TestNG.run(TestNG.java:1101)\r\n\tat com.intellij.rt.testng.IDEARemoteTestNG.run(IDEARemoteTestNG.java:65)\r\n\tat com.intellij.rt.testng.RemoteTestNGStarter.main(RemoteTestNGStarter.java:105)\r\n"},"stage":"finished","steps":[],"attachments":[],"parameters":[],"start":1737624542928,"stop":1737624542953}],"attachments":[],"parameters":[],"start":1737624521531,"stop":1737624542961}