{"uuid":"c3a8591f-ab46-4494-a584-7f1a06d1cfe9","historyId":"e71e518772696324b44f53cbd8bfeb62","fullName":"tests.LoginTests.successLoginTests","labels":[{"name":"package","value":"tests.LoginTests"},{"name":"testClass","value":"tests.LoginTests"},{"name":"testMethod","value":"successLoginTests"},{"name":"parentSuite","value":"Default Suite"},{"name":"suite","value":"Luma_clothes_ui"},{"name":"subSuite","value":"tests.LoginTests"},{"name":"host","value":"Aleksa"},{"name":"thread","value":"1184@Aleksa.main(1)"},{"name":"framework","value":"testng"},{"name":"language","value":"java"},{"name":"severity","value":"critical"}],"links":[],"name":"successLoginTests","status":"failed","statusDetails":{"known":false,"muted":false,"flaky":false,"message":"Element not found {By.xpath: //div[@class='panel header']/ul/li/span/button}\r\nExpected: enabled\r\nScreenshot: file:/D:/QA/java-practice/Luma_clothes_ui/build/reports/tests/1737624596626.0.png\r\nPage source: file:/D:/QA/java-practice/Luma_clothes_ui/build/reports/tests/1737624596626.0.html\r\nTimeout: 4 s.\r\nCaused by: NoSuchElementException: no such element: Unable to locate element: {\"method\":\"xpath\",\"selector\":\"//div[@class='panel header']/ul/li/span/button\"}","trace":"Element not found {By.xpath: //div[@class='panel header']/ul/li/span/button}\r\nExpected: enabled\r\nScreenshot: file:/D:/QA/java-practice/Luma_clothes_ui/build/reports/tests/1737624596626.0.png\r\nPage source: file:/D:/QA/java-practice/Luma_clothes_ui/build/reports/tests/1737624596626.0.html\r\nTimeout: 4 s.\r\nCaused by: NoSuchElementException: no such element: Unable to locate element: {\"method\":\"xpath\",\"selector\":\"//div[@class='panel header']/ul/li/span/button\"}\r\n\tat com.codeborne.selenide.impl.WebElementSource.createElementNotFoundError(WebElementSource.java:90)\r\n\tat com.codeborne.selenide.impl.ElementFinder.createElementNotFoundError(ElementFinder.java:142)\r\n\tat com.codeborne.selenide.impl.WebElementSource.handleError(WebElementSource.java:142)\r\n\tat com.codeborne.selenide.impl.WebElementSource.checkConditionAndReturnElement(WebElementSource.java:126)\r\n\tat com.codeborne.selenide.impl.WebElementSource.checkCondition(WebElementSource.java:103)\r\n\tat com.codeborne.selenide.commands.Should.execute(Should.java:30)\r\n\tat com.codeborne.selenide.commands.Should.execute(Should.java:14)\r\n\tat com.codeborne.selenide.commands.Commands.execute(Commands.java:162)\r\n\tat com.codeborne.selenide.impl.SelenideElementProxy.dispatchAndRetry(SelenideElementProxy.java:134)\r\n\tat com.codeborne.selenide.impl.SelenideElementProxy.invoke(SelenideElementProxy.java:86)\r\n\tat jdk.proxy2/jdk.proxy2.$Proxy19.shouldBe(Unknown Source)\r\n\tat tools.PageTools.waitForElementEnabled(PageTools.java:171)\r\n\tat pages.Header.clickUserMenuArrow(Header.java:216)\r\n\tat pages.Header.signOutLinkIsDisplayed(Header.java:78)\r\n\tat tests.LoginTests.successLoginTests(LoginTests.java:28)\r\n\tat java.base/jdk.internal.reflect.DirectMethodHandleAccessor.invoke(DirectMethodHandleAccessor.java:103)\r\n\tat java.base/java.lang.reflect.Method.invoke(Method.java:580)\r\n\tat org.testng.internal.invokers.MethodInvocationHelper.invokeMethod(MethodInvocationHelper.java:139)\r\n\tat org.testng.internal.invokers.TestInvoker.invokeMethod(TestInvoker.java:664)\r\n\tat org.testng.internal.invokers.TestInvoker.invokeTestMethod(TestInvoker.java:228)\r\n\tat org.testng.internal.invokers.MethodRunner.runInSequence(MethodRunner.java:63)\r\n\tat org.testng.internal.invokers.TestInvoker$MethodInvocationAgent.invoke(TestInvoker.java:961)\r\n\tat org.testng.internal.invokers.TestInvoker.invokeTestMethods(TestInvoker.java:201)\r\n\tat org.testng.internal.invokers.TestMethodWorker.invokeTestMethods(TestMethodWorker.java:148)\r\n\tat org.testng.internal.invokers.TestMethodWorker.run(TestMethodWorker.java:128)\r\n\tat java.base/java.util.ArrayList.forEach(ArrayList.java:1597)\r\n\tat org.testng.TestRunner.privateRun(TestRunner.java:819)\r\n\tat org.testng.TestRunner.run(TestRunner.java:619)\r\n\tat org.testng.SuiteRunner.runTest(SuiteRunner.java:443)\r\n\tat org.testng.SuiteRunner.runSequentially(SuiteRunner.java:437)\r\n\tat org.testng.SuiteRunner.privateRun(SuiteRunner.java:397)\r\n\tat org.testng.SuiteRunner.run(SuiteRunner.java:336)\r\n\tat org.testng.SuiteRunnerWorker.runSuite(SuiteRunnerWorker.java:52)\r\n\tat org.testng.SuiteRunnerWorker.run(SuiteRunnerWorker.java:95)\r\n\tat org.testng.TestNG.runSuitesSequentially(TestNG.java:1301)\r\n\tat org.testng.TestNG.runSuitesLocally(TestNG.java:1228)\r\n\tat org.testng.TestNG.runSuites(TestNG.java:1134)\r\n\tat org.testng.TestNG.run(TestNG.java:1101)\r\n\tat com.intellij.rt.testng.IDEARemoteTestNG.run(IDEARemoteTestNG.java:65)\r\n\tat com.intellij.rt.testng.RemoteTestNGStarter.main(RemoteTestNGStarter.java:105)\r\nCaused by: org.openqa.selenium.NoSuchElementException: no such element: Unable to locate element: {\"method\":\"xpath\",\"selector\":\"//div[@class='panel header']/ul/li/span/button\"}\n  (Session info: chrome=131.0.6778.266)\nFor documentation on this error, please visit: https://www.selenium.dev/documentation/webdriver/troubleshooting/errors#no-such-element-exception\nBuild info: version: '4.24.0', revision: '748ffc9bc3'\nSystem info: os.name: 'Windows 11', os.arch: 'amd64', os.version: '10.0', java.version: '22.0.1'\nDriver info: org.openqa.selenium.chrome.ChromeDriver\nCommand: [c72e7aa5b03b441d2081611ea6ba34f0, findElement {value=//div[@class='panel header']/ul/li/span/button, using=xpath}]\nCapabilities {acceptInsecureCerts: true, browserName: chrome, browserVersion: 131.0.6778.266, chrome: {chromedriverVersion: 131.0.6778.264 (2d05e315153..., userDataDir: C:\\Users\\visio\\AppData\\Loca...}, fedcm:accounts: true, goog:chromeOptions: {debuggerAddress: localhost:61537}, networkConnectionEnabled: false, pageLoadStrategy: normal, platformName: windows, proxy: Proxy(), se:cdp: ws://localhost:61537/devtoo..., se:cdpVersion: 131.0.6778.266, setWindowRect: true, strictFileInteractability: false, timeouts: {implicit: 0, pageLoad: 300000, script: 30000}, unhandledPromptBehavior: accept, webauthn:extension:credBlob: true, webauthn:extension:largeBlob: true, webauthn:extension:minPinLength: true, webauthn:extension:prf: true, webauthn:virtualAuthenticators: true}\nSession ID: c72e7aa5b03b441d2081611ea6ba34f0\r\n\tat java.base/jdk.internal.reflect.DirectConstructorHandleAccessor.newInstance(DirectConstructorHandleAccessor.java:62)\r\n\tat java.base/java.lang.reflect.Constructor.newInstanceWithCaller(Constructor.java:502)\r\n\tat java.base/java.lang.reflect.Constructor.newInstance(Constructor.java:486)\r\n\tat org.openqa.selenium.remote.ErrorCodec.decode(ErrorCodec.java:167)\r\n\tat org.openqa.selenium.remote.codec.w3c.W3CHttpResponseCodec.decode(W3CHttpResponseCodec.java:138)\r\n\tat org.openqa.selenium.remote.codec.w3c.W3CHttpResponseCodec.decode(W3CHttpResponseCodec.java:50)\r\n\tat org.openqa.selenium.remote.HttpCommandExecutor.execute(HttpCommandExecutor.java:190)\r\n\tat org.openqa.selenium.remote.service.DriverCommandExecutor.invokeExecute(DriverCommandExecutor.java:216)\r\n\tat org.openqa.selenium.remote.service.DriverCommandExecutor.execute(DriverCommandExecutor.java:174)\r\n\tat org.openqa.selenium.remote.RemoteWebDriver.execute(RemoteWebDriver.java:545)\r\n\tat org.openqa.selenium.remote.ElementLocation$ElementFinder$2.findElement(ElementLocation.java:165)\r\n\tat org.openqa.selenium.remote.ElementLocation.findElement(ElementLocation.java:59)\r\n\tat org.openqa.selenium.remote.RemoteWebDriver.findElement(RemoteWebDriver.java:368)\r\n\tat org.openqa.selenium.remote.RemoteWebDriver.findElement(RemoteWebDriver.java:362)\r\n\tat com.codeborne.selenide.impl.WebElementSelector.findElement(WebElementSelector.java:73)\r\n\tat com.codeborne.selenide.impl.WebElementSelector.findElement(WebElementSelector.java:46)\r\n\tat com.codeborne.selenide.impl.WebElementSelector.findElement(WebElementSelector.java:35)\r\n\tat com.codeborne.selenide.impl.ElementFinder.getWebElement(ElementFinder.java:122)\r\n\tat com.codeborne.selenide.impl.WebElementSource.checkConditionAndReturnElement(WebElementSource.java:115)\r\n\t... 36 more\r\n"},"stage":"finished","description":"Form is applied with valid data. User is logged in","steps":[{"name":"http://46.101.147.48/ is opened in browser","status":"passed","stage":"finished","steps":[],"attachments":[],"parameters":[{"name":"url","value":"http://46.101.147.48/"}],"start":1737624582173,"stop":1737624588445},{"name":"Click Sign Out link in header","status":"passed","stage":"finished","steps":[{"name":"Click Sign In link in header","status":"passed","stage":"finished","steps":[{"name":"$(\"By.xpath: //a[contains(text(), 'Sign In')]\") should be(visible)","status":"passed","stage":"finished","steps":[],"attachments":[],"parameters":[],"start":1737624590331,"stop":1737624590529},{"name":"$(\"By.xpath: //a[contains(text(), 'Sign In')]\") click()","status":"passed","stage":"finished","steps":[],"attachments":[],"parameters":[],"start":1737624590529,"stop":1737624590898}],"attachments":[],"parameters":[],"start":1737624588733,"stop":1737624590898}],"attachments":[],"parameters":[],"start":1737624588595,"stop":1737624590921},{"name":"Check if Login form/Sign In button/Create an account button is displayed","status":"passed","stage":"finished","steps":[{"name":"Check if Email label is displayed","status":"passed","stage":"finished","steps":[{"name":"$(\"fieldset/By.xpath: .//label[@for='email']/span\") is(visible)","status":"passed","stage":"finished","steps":[],"attachments":[],"parameters":[],"start":1737624590925,"stop":1737624591148}],"attachments":[],"parameters":[],"start":1737624590923,"stop":1737624591148},{"name":"Check if Email field is displayed","status":"passed","stage":"finished","steps":[{"name":"$(\"fieldset/By.xpath: .//input[@id='email']\") is(visible)","status":"passed","stage":"finished","steps":[],"attachments":[],"parameters":[],"start":1737624591148,"stop":1737624591223}],"attachments":[],"parameters":[],"start":1737624591148,"stop":1737624591223},{"name":"Check if Password label is displayed","status":"passed","stage":"finished","steps":[{"name":"$(\"fieldset/By.xpath: .//label[@for='pass']/span\") is(visible)","status":"passed","stage":"finished","steps":[],"attachments":[],"parameters":[],"start":1737624591224,"stop":1737624591278}],"attachments":[],"parameters":[],"start":1737624591223,"stop":1737624591278},{"name":"Check if Password field is displayed","status":"passed","stage":"finished","steps":[{"name":"$(\"fieldset/By.xpath: .//input[@id='pass']\") is(visible)","status":"passed","stage":"finished","steps":[],"attachments":[],"parameters":[],"start":1737624591280,"stop":1737624591342}],"attachments":[],"parameters":[],"start":1737624591278,"stop":1737624591342},{"name":"$(\"fieldset/By.xpath: .//button[@name='send']\") is(visible)","status":"passed","stage":"finished","steps":[],"attachments":[],"parameters":[],"start":1737624591344,"stop":1737624591387},{"name":"Check if Create an Account Button is displayed","status":"passed","stage":"finished","steps":[{"name":"$(\"By.xpath: //a[@class='action create primary']\") is(visible)","status":"passed","stage":"finished","steps":[],"attachments":[],"parameters":[],"start":1737624591387,"stop":1737624591415}],"attachments":[],"parameters":[],"start":1737624591387,"stop":1737624591415}],"attachments":[],"parameters":[],"start":1737624590922,"stop":1737624591415},{"name":"Fill Email field with bonus@gmail.nl","status":"passed","stage":"finished","steps":[{"name":"$(\"fieldset/By.xpath: .//input[@id='email']\") should be(visible)","status":"passed","stage":"finished","steps":[],"attachments":[],"parameters":[],"start":1737624591415,"stop":1737624591455},{"name":"$(\"fieldset/By.xpath: .//input[@id='email']\") send keys(bonus@gmail.nl)","status":"passed","stage":"finished","steps":[],"attachments":[],"parameters":[],"start":1737624591455,"stop":1737624591603}],"attachments":[],"parameters":[{"name":"email","value":"bonus@gmail.nl"}],"start":1737624591415,"stop":1737624591603},{"name":"Fill Password field with Aleksa111!","status":"passed","stage":"finished","steps":[{"name":"$(\"fieldset/By.xpath: .//input[@id='pass']\") should be(visible)","status":"passed","stage":"finished","steps":[],"attachments":[],"parameters":[],"start":1737624591604,"stop":1737624591635},{"name":"$(\"fieldset/By.xpath: .//input[@id='pass']\") send keys(Aleksa111!)","status":"passed","stage":"finished","steps":[],"attachments":[],"parameters":[],"start":1737624591635,"stop":1737624591769}],"attachments":[],"parameters":[{"name":"password","value":"Aleksa111!"}],"start":1737624591603,"stop":1737624591769},{"name":"Click Sign in button","status":"passed","stage":"finished","steps":[{"name":"$(\"By.xpath: .//button[@name='send']\") should be(visible)","status":"passed","stage":"finished","steps":[],"attachments":[],"parameters":[],"start":1737624591770,"stop":1737624591798},{"name":"$(\"By.xpath: .//button[@name='send']\") click()","status":"passed","stage":"finished","steps":[],"attachments":[],"parameters":[],"start":1737624591798,"stop":1737624592207},{"name":"$(\"By.xpath: .//button[@name='send']\") should be(visible)","status":"passed","stage":"finished","steps":[],"attachments":[],"parameters":[],"start":1737624592318,"stop":1737624592409},{"name":"$(\"By.xpath: .//button[@name='send']\") click()","status":"passed","stage":"finished","steps":[],"attachments":[],"parameters":[],"start":1737624592409,"stop":1737624592600}],"attachments":[],"parameters":[],"start":1737624591770,"stop":1737624592600},{"name":"Check if Sign Out link is displayed","status":"failed","statusDetails":{"known":false,"muted":false,"flaky":false,"message":"Element not found {By.xpath: //div[@class='panel header']/ul/li/span/button}\r\nExpected: enabled\r\nScreenshot: file:/D:/QA/java-practice/Luma_clothes_ui/build/reports/tests/1737624596626.0.png\r\nPage source: file:/D:/QA/java-practice/Luma_clothes_ui/build/reports/tests/1737624596626.0.html\r\nTimeout: 4 s.\r\nCaused by: NoSuchElementException: no such element: Unable to locate element: {\"method\":\"xpath\",\"selector\":\"//div[@class='panel header']/ul/li/span/button\"}","trace":"Element not found {By.xpath: //div[@class='panel header']/ul/li/span/button}\r\nExpected: enabled\r\nScreenshot: file:/D:/QA/java-practice/Luma_clothes_ui/build/reports/tests/1737624596626.0.png\r\nPage source: file:/D:/QA/java-practice/Luma_clothes_ui/build/reports/tests/1737624596626.0.html\r\nTimeout: 4 s.\r\nCaused by: NoSuchElementException: no such element: Unable to locate element: {\"method\":\"xpath\",\"selector\":\"//div[@class='panel header']/ul/li/span/button\"}\r\n\tat com.codeborne.selenide.impl.WebElementSource.createElementNotFoundError(WebElementSource.java:90)\r\n\tat com.codeborne.selenide.impl.ElementFinder.createElementNotFoundError(ElementFinder.java:142)\r\n\tat com.codeborne.selenide.impl.WebElementSource.handleError(WebElementSource.java:142)\r\n\tat com.codeborne.selenide.impl.WebElementSource.checkConditionAndReturnElement(WebElementSource.java:126)\r\n\tat com.codeborne.selenide.impl.WebElementSource.checkCondition(WebElementSource.java:103)\r\n\tat com.codeborne.selenide.commands.Should.execute(Should.java:30)\r\n\tat com.codeborne.selenide.commands.Should.execute(Should.java:14)\r\n\tat com.codeborne.selenide.commands.Commands.execute(Commands.java:162)\r\n\tat com.codeborne.selenide.impl.SelenideElementProxy.dispatchAndRetry(SelenideElementProxy.java:134)\r\n\tat com.codeborne.selenide.impl.SelenideElementProxy.invoke(SelenideElementProxy.java:86)\r\n\tat jdk.proxy2/jdk.proxy2.$Proxy19.shouldBe(Unknown Source)\r\n\tat tools.PageTools.waitForElementEnabled(PageTools.java:171)\r\n\tat pages.Header.clickUserMenuArrow(Header.java:216)\r\n\tat pages.Header.signOutLinkIsDisplayed(Header.java:78)\r\n\tat tests.LoginTests.successLoginTests(LoginTests.java:28)\r\n\tat java.base/jdk.internal.reflect.DirectMethodHandleAccessor.invoke(DirectMethodHandleAccessor.java:103)\r\n\tat java.base/java.lang.reflect.Method.invoke(Method.java:580)\r\n\tat org.testng.internal.invokers.MethodInvocationHelper.invokeMethod(MethodInvocationHelper.java:139)\r\n\tat org.testng.internal.invokers.TestInvoker.invokeMethod(TestInvoker.java:664)\r\n\tat org.testng.internal.invokers.TestInvoker.invokeTestMethod(TestInvoker.java:228)\r\n\tat org.testng.internal.invokers.MethodRunner.runInSequence(MethodRunner.java:63)\r\n\tat org.testng.internal.invokers.TestInvoker$MethodInvocationAgent.invoke(TestInvoker.java:961)\r\n\tat org.testng.internal.invokers.TestInvoker.invokeTestMethods(TestInvoker.java:201)\r\n\tat org.testng.internal.invokers.TestMethodWorker.invokeTestMethods(TestMethodWorker.java:148)\r\n\tat org.testng.internal.invokers.TestMethodWorker.run(TestMethodWorker.java:128)\r\n\tat java.base/java.util.ArrayList.forEach(ArrayList.java:1597)\r\n\tat org.testng.TestRunner.privateRun(TestRunner.java:819)\r\n\tat org.testng.TestRunner.run(TestRunner.java:619)\r\n\tat org.testng.SuiteRunner.runTest(SuiteRunner.java:443)\r\n\tat org.testng.SuiteRunner.runSequentially(SuiteRunner.java:437)\r\n\tat org.testng.SuiteRunner.privateRun(SuiteRunner.java:397)\r\n\tat org.testng.SuiteRunner.run(SuiteRunner.java:336)\r\n\tat org.testng.SuiteRunnerWorker.runSuite(SuiteRunnerWorker.java:52)\r\n\tat org.testng.SuiteRunnerWorker.run(SuiteRunnerWorker.java:95)\r\n\tat org.testng.TestNG.runSuitesSequentially(TestNG.java:1301)\r\n\tat org.testng.TestNG.runSuitesLocally(TestNG.java:1228)\r\n\tat org.testng.TestNG.runSuites(TestNG.java:1134)\r\n\tat org.testng.TestNG.run(TestNG.java:1101)\r\n\tat com.intellij.rt.testng.IDEARemoteTestNG.run(IDEARemoteTestNG.java:65)\r\n\tat com.intellij.rt.testng.RemoteTestNGStarter.main(RemoteTestNGStarter.java:105)\r\nCaused by: org.openqa.selenium.NoSuchElementException: no such element: Unable to locate element: {\"method\":\"xpath\",\"selector\":\"//div[@class='panel header']/ul/li/span/button\"}\n  (Session info: chrome=131.0.6778.266)\nFor documentation on this error, please visit: https://www.selenium.dev/documentation/webdriver/troubleshooting/errors#no-such-element-exception\nBuild info: version: '4.24.0', revision: '748ffc9bc3'\nSystem info: os.name: 'Windows 11', os.arch: 'amd64', os.version: '10.0', java.version: '22.0.1'\nDriver info: org.openqa.selenium.chrome.ChromeDriver\nCommand: [c72e7aa5b03b441d2081611ea6ba34f0, findElement {value=//div[@class='panel header']/ul/li/span/button, using=xpath}]\nCapabilities {acceptInsecureCerts: true, browserName: chrome, browserVersion: 131.0.6778.266, chrome: {chromedriverVersion: 131.0.6778.264 (2d05e315153..., userDataDir: C:\\Users\\visio\\AppData\\Loca...}, fedcm:accounts: true, goog:chromeOptions: {debuggerAddress: localhost:61537}, networkConnectionEnabled: false, pageLoadStrategy: normal, platformName: windows, proxy: Proxy(), se:cdp: ws://localhost:61537/devtoo..., se:cdpVersion: 131.0.6778.266, setWindowRect: true, strictFileInteractability: false, timeouts: {implicit: 0, pageLoad: 300000, script: 30000}, unhandledPromptBehavior: accept, webauthn:extension:credBlob: true, webauthn:extension:largeBlob: true, webauthn:extension:minPinLength: true, webauthn:extension:prf: true, webauthn:virtualAuthenticators: true}\nSession ID: c72e7aa5b03b441d2081611ea6ba34f0\r\n\tat java.base/jdk.internal.reflect.DirectConstructorHandleAccessor.newInstance(DirectConstructorHandleAccessor.java:62)\r\n\tat java.base/java.lang.reflect.Constructor.newInstanceWithCaller(Constructor.java:502)\r\n\tat java.base/java.lang.reflect.Constructor.newInstance(Constructor.java:486)\r\n\tat org.openqa.selenium.remote.ErrorCodec.decode(ErrorCodec.java:167)\r\n\tat org.openqa.selenium.remote.codec.w3c.W3CHttpResponseCodec.decode(W3CHttpResponseCodec.java:138)\r\n\tat org.openqa.selenium.remote.codec.w3c.W3CHttpResponseCodec.decode(W3CHttpResponseCodec.java:50)\r\n\tat org.openqa.selenium.remote.HttpCommandExecutor.execute(HttpCommandExecutor.java:190)\r\n\tat org.openqa.selenium.remote.service.DriverCommandExecutor.invokeExecute(DriverCommandExecutor.java:216)\r\n\tat org.openqa.selenium.remote.service.DriverCommandExecutor.execute(DriverCommandExecutor.java:174)\r\n\tat org.openqa.selenium.remote.RemoteWebDriver.execute(RemoteWebDriver.java:545)\r\n\tat org.openqa.selenium.remote.ElementLocation$ElementFinder$2.findElement(ElementLocation.java:165)\r\n\tat org.openqa.selenium.remote.ElementLocation.findElement(ElementLocation.java:59)\r\n\tat org.openqa.selenium.remote.RemoteWebDriver.findElement(RemoteWebDriver.java:368)\r\n\tat org.openqa.selenium.remote.RemoteWebDriver.findElement(RemoteWebDriver.java:362)\r\n\tat com.codeborne.selenide.impl.WebElementSelector.findElement(WebElementSelector.java:73)\r\n\tat com.codeborne.selenide.impl.WebElementSelector.findElement(WebElementSelector.java:46)\r\n\tat com.codeborne.selenide.impl.WebElementSelector.findElement(WebElementSelector.java:35)\r\n\tat com.codeborne.selenide.impl.ElementFinder.getWebElement(ElementFinder.java:122)\r\n\tat com.codeborne.selenide.impl.WebElementSource.checkConditionAndReturnElement(WebElementSource.java:115)\r\n\t... 36 more\r\n"},"stage":"finished","steps":[{"name":"$(\"By.xpath: //div[@class='panel header']/ul/li/span/button\") should be(enabled)","status":"failed","statusDetails":{"known":false,"muted":false,"flaky":false,"message":"Element not found {By.xpath: //div[@class='panel header']/ul/li/span/button}\r\nExpected: enabled\r\nScreenshot: file:/D:/QA/java-practice/Luma_clothes_ui/build/reports/tests/1737624596626.0.png\r\nPage source: file:/D:/QA/java-practice/Luma_clothes_ui/build/reports/tests/1737624596626.0.html\r\nTimeout: 4 s.\r\nCaused by: NoSuchElementException: no such element: Unable to locate element: {\"method\":\"xpath\",\"selector\":\"//div[@class='panel header']/ul/li/span/button\"}","trace":"Element not found {By.xpath: //div[@class='panel header']/ul/li/span/button}\r\nExpected: enabled\r\nScreenshot: file:/D:/QA/java-practice/Luma_clothes_ui/build/reports/tests/1737624596626.0.png\r\nPage source: file:/D:/QA/java-practice/Luma_clothes_ui/build/reports/tests/1737624596626.0.html\r\nTimeout: 4 s.\r\nCaused by: NoSuchElementException: no such element: Unable to locate element: {\"method\":\"xpath\",\"selector\":\"//div[@class='panel header']/ul/li/span/button\"}\r\n\tat com.codeborne.selenide.impl.WebElementSource.createElementNotFoundError(WebElementSource.java:90)\r\n\tat com.codeborne.selenide.impl.ElementFinder.createElementNotFoundError(ElementFinder.java:142)\r\n\tat com.codeborne.selenide.impl.WebElementSource.handleError(WebElementSource.java:142)\r\n\tat com.codeborne.selenide.impl.WebElementSource.checkConditionAndReturnElement(WebElementSource.java:126)\r\n\tat com.codeborne.selenide.impl.WebElementSource.checkCondition(WebElementSource.java:103)\r\n\tat com.codeborne.selenide.commands.Should.execute(Should.java:30)\r\n\tat com.codeborne.selenide.commands.Should.execute(Should.java:14)\r\n\tat com.codeborne.selenide.commands.Commands.execute(Commands.java:162)\r\n\tat com.codeborne.selenide.impl.SelenideElementProxy.dispatchAndRetry(SelenideElementProxy.java:134)\r\n\tat com.codeborne.selenide.impl.SelenideElementProxy.invoke(SelenideElementProxy.java:86)\r\n\tat jdk.proxy2/jdk.proxy2.$Proxy19.shouldBe(Unknown Source)\r\n\tat tools.PageTools.waitForElementEnabled(PageTools.java:171)\r\n\tat pages.Header.clickUserMenuArrow(Header.java:216)\r\n\tat pages.Header.signOutLinkIsDisplayed(Header.java:78)\r\n\tat tests.LoginTests.successLoginTests(LoginTests.java:28)\r\n\tat java.base/jdk.internal.reflect.DirectMethodHandleAccessor.invoke(DirectMethodHandleAccessor.java:103)\r\n\tat java.base/java.lang.reflect.Method.invoke(Method.java:580)\r\n\tat org.testng.internal.invokers.MethodInvocationHelper.invokeMethod(MethodInvocationHelper.java:139)\r\n\tat org.testng.internal.invokers.TestInvoker.invokeMethod(TestInvoker.java:664)\r\n\tat org.testng.internal.invokers.TestInvoker.invokeTestMethod(TestInvoker.java:228)\r\n\tat org.testng.internal.invokers.MethodRunner.runInSequence(MethodRunner.java:63)\r\n\tat org.testng.internal.invokers.TestInvoker$MethodInvocationAgent.invoke(TestInvoker.java:961)\r\n\tat org.testng.internal.invokers.TestInvoker.invokeTestMethods(TestInvoker.java:201)\r\n\tat org.testng.internal.invokers.TestMethodWorker.invokeTestMethods(TestMethodWorker.java:148)\r\n\tat org.testng.internal.invokers.TestMethodWorker.run(TestMethodWorker.java:128)\r\n\tat java.base/java.util.ArrayList.forEach(ArrayList.java:1597)\r\n\tat org.testng.TestRunner.privateRun(TestRunner.java:819)\r\n\tat org.testng.TestRunner.run(TestRunner.java:619)\r\n\tat org.testng.SuiteRunner.runTest(SuiteRunner.java:443)\r\n\tat org.testng.SuiteRunner.runSequentially(SuiteRunner.java:437)\r\n\tat org.testng.SuiteRunner.privateRun(SuiteRunner.java:397)\r\n\tat org.testng.SuiteRunner.run(SuiteRunner.java:336)\r\n\tat org.testng.SuiteRunnerWorker.runSuite(SuiteRunnerWorker.java:52)\r\n\tat org.testng.SuiteRunnerWorker.run(SuiteRunnerWorker.java:95)\r\n\tat org.testng.TestNG.runSuitesSequentially(TestNG.java:1301)\r\n\tat org.testng.TestNG.runSuitesLocally(TestNG.java:1228)\r\n\tat org.testng.TestNG.runSuites(TestNG.java:1134)\r\n\tat org.testng.TestNG.run(TestNG.java:1101)\r\n\tat com.intellij.rt.testng.IDEARemoteTestNG.run(IDEARemoteTestNG.java:65)\r\n\tat com.intellij.rt.testng.RemoteTestNGStarter.main(RemoteTestNGStarter.java:105)\r\nCaused by: org.openqa.selenium.NoSuchElementException: no such element: Unable to locate element: {\"method\":\"xpath\",\"selector\":\"//div[@class='panel header']/ul/li/span/button\"}\n  (Session info: chrome=131.0.6778.266)\nFor documentation on this error, please visit: https://www.selenium.dev/documentation/webdriver/troubleshooting/errors#no-such-element-exception\nBuild info: version: '4.24.0', revision: '748ffc9bc3'\nSystem info: os.name: 'Windows 11', os.arch: 'amd64', os.version: '10.0', java.version: '22.0.1'\nDriver info: org.openqa.selenium.chrome.ChromeDriver\nCommand: [c72e7aa5b03b441d2081611ea6ba34f0, findElement {value=//div[@class='panel header']/ul/li/span/button, using=xpath}]\nCapabilities {acceptInsecureCerts: true, browserName: chrome, browserVersion: 131.0.6778.266, chrome: {chromedriverVersion: 131.0.6778.264 (2d05e315153..., userDataDir: C:\\Users\\visio\\AppData\\Loca...}, fedcm:accounts: true, goog:chromeOptions: {debuggerAddress: localhost:61537}, networkConnectionEnabled: false, pageLoadStrategy: normal, platformName: windows, proxy: Proxy(), se:cdp: ws://localhost:61537/devtoo..., se:cdpVersion: 131.0.6778.266, setWindowRect: true, strictFileInteractability: false, timeouts: {implicit: 0, pageLoad: 300000, script: 30000}, unhandledPromptBehavior: accept, webauthn:extension:credBlob: true, webauthn:extension:largeBlob: true, webauthn:extension:minPinLength: true, webauthn:extension:prf: true, webauthn:virtualAuthenticators: true}\nSession ID: c72e7aa5b03b441d2081611ea6ba34f0\r\n\tat java.base/jdk.internal.reflect.DirectConstructorHandleAccessor.newInstance(DirectConstructorHandleAccessor.java:62)\r\n\tat java.base/java.lang.reflect.Constructor.newInstanceWithCaller(Constructor.java:502)\r\n\tat java.base/java.lang.reflect.Constructor.newInstance(Constructor.java:486)\r\n\tat org.openqa.selenium.remote.ErrorCodec.decode(ErrorCodec.java:167)\r\n\tat org.openqa.selenium.remote.codec.w3c.W3CHttpResponseCodec.decode(W3CHttpResponseCodec.java:138)\r\n\tat org.openqa.selenium.remote.codec.w3c.W3CHttpResponseCodec.decode(W3CHttpResponseCodec.java:50)\r\n\tat org.openqa.selenium.remote.HttpCommandExecutor.execute(HttpCommandExecutor.java:190)\r\n\tat org.openqa.selenium.remote.service.DriverCommandExecutor.invokeExecute(DriverCommandExecutor.java:216)\r\n\tat org.openqa.selenium.remote.service.DriverCommandExecutor.execute(DriverCommandExecutor.java:174)\r\n\tat org.openqa.selenium.remote.RemoteWebDriver.execute(RemoteWebDriver.java:545)\r\n\tat org.openqa.selenium.remote.ElementLocation$ElementFinder$2.findElement(ElementLocation.java:165)\r\n\tat org.openqa.selenium.remote.ElementLocation.findElement(ElementLocation.java:59)\r\n\tat org.openqa.selenium.remote.RemoteWebDriver.findElement(RemoteWebDriver.java:368)\r\n\tat org.openqa.selenium.remote.RemoteWebDriver.findElement(RemoteWebDriver.java:362)\r\n\tat com.codeborne.selenide.impl.WebElementSelector.findElement(WebElementSelector.java:73)\r\n\tat com.codeborne.selenide.impl.WebElementSelector.findElement(WebElementSelector.java:46)\r\n\tat com.codeborne.selenide.impl.WebElementSelector.findElement(WebElementSelector.java:35)\r\n\tat com.codeborne.selenide.impl.ElementFinder.getWebElement(ElementFinder.java:122)\r\n\tat com.codeborne.selenide.impl.WebElementSource.checkConditionAndReturnElement(WebElementSource.java:115)\r\n\t... 36 more\r\n"},"stage":"finished","steps":[],"attachments":[{"name":"Screenshot","source":"a53a560d-8dab-4ac6-9b3f-85193f98f786-attachment.png","type":"image/png"},{"name":"Page source","source":"d2a396f9-c15c-4da9-aec6-1f7439b1aff0-attachment.html","type":"text/html"}],"parameters":[],"start":1737624592602,"stop":1737624596991}],"attachments":[],"parameters":[],"start":1737624592601,"stop":1737624596991}],"attachments":[],"parameters":[],"start":1737624582114,"stop":1737624596995}