{"uuid":"d0b238cd-aaec-45fa-8ced-5c1909a4814b","historyId":"539a6a0394a8bd450379a7925fe497b2","fullName":"tests.RegisterTests.successRegisterTest","labels":[{"name":"package","value":"tests.RegisterTests"},{"name":"testClass","value":"tests.RegisterTests"},{"name":"testMethod","value":"successRegisterTest"},{"name":"parentSuite","value":"Default Suite"},{"name":"suite","value":"Luma_clothes_ui"},{"name":"subSuite","value":"tests.RegisterTests"},{"name":"host","value":"Aleksa"},{"name":"thread","value":"25356@Aleksa.main(1)"},{"name":"framework","value":"testng"},{"name":"language","value":"java"}],"links":[],"name":"successRegisterTest","status":"failed","statusDetails":{"known":false,"muted":false,"flaky":false,"message":"No frame found with element: [[ChromeDriver: chrome on windows (d015677a116d10d5cf9bafb8b794f6b1)] -> xpath: //fieldset[@class='fieldset create info']]\r\nScreenshot: file:/D:/QA/java-practice/Luma_clothes_ui/build/reports/tests/1728297300566.0.png\r\nPage source: file:/D:/QA/java-practice/Luma_clothes_ui/build/reports/tests/1728297300566.0.html\r\nTimeout: 4 s.\r\nCaused by: TimeoutException: Expected condition failed: waiting for frame to be available: [[ChromeDriver: chrome on windows (d015677a116d10d5cf9bafb8b794f6b1)] -> xpath: //fieldset[@class='fieldset create info']] (tried for 4 second(s) with 200 milliseconds interval)","trace":"No frame found with element: [[ChromeDriver: chrome on windows (d015677a116d10d5cf9bafb8b794f6b1)] -> xpath: //fieldset[@class='fieldset create info']]\r\nScreenshot: file:/D:/QA/java-practice/Luma_clothes_ui/build/reports/tests/1728297300566.0.png\r\nPage source: file:/D:/QA/java-practice/Luma_clothes_ui/build/reports/tests/1728297300566.0.html\r\nTimeout: 4 s.\r\nCaused by: TimeoutException: Expected condition failed: waiting for frame to be available: [[ChromeDriver: chrome on windows (d015677a116d10d5cf9bafb8b794f6b1)] -> xpath: //fieldset[@class='fieldset create info']] (tried for 4 second(s) with 200 milliseconds interval)\r\n\tat com.codeborne.selenide.SelenideTargetLocator.frameNotFoundError(SelenideTargetLocator.java:300)\r\n\tat com.codeborne.selenide.SelenideTargetLocator.lambda$frame$2(SelenideTargetLocator.java:135)\r\n\tat com.codeborne.selenide.logevents.SelenideLogger.wrap(SelenideLogger.java:133)\r\n\tat com.codeborne.selenide.logevents.SelenideLogger.get(SelenideLogger.java:113)\r\n\tat com.codeborne.selenide.SelenideTargetLocator.frame(SelenideTargetLocator.java:130)\r\n\tat tools.PageTools.switchToIframe(PageTools.java:243)\r\n\tat pages.userPages.RegisterPage.setFirstNameInput(RegisterPage.java:23)\r\n\tat tests.RegisterTests.successRegisterTest(RegisterTests.java:21)\r\n\tat java.base/jdk.internal.reflect.DirectMethodHandleAccessor.invoke(DirectMethodHandleAccessor.java:103)\r\n\tat java.base/java.lang.reflect.Method.invoke(Method.java:580)\r\n\tat org.testng.internal.invokers.MethodInvocationHelper.invokeMethod(MethodInvocationHelper.java:139)\r\n\tat org.testng.internal.invokers.TestInvoker.invokeMethod(TestInvoker.java:664)\r\n\tat org.testng.internal.invokers.TestInvoker.invokeTestMethod(TestInvoker.java:228)\r\n\tat org.testng.internal.invokers.MethodRunner.runInSequence(MethodRunner.java:63)\r\n\tat org.testng.internal.invokers.TestInvoker$MethodInvocationAgent.invoke(TestInvoker.java:961)\r\n\tat org.testng.internal.invokers.TestInvoker.invokeTestMethods(TestInvoker.java:201)\r\n\tat org.testng.internal.invokers.TestMethodWorker.invokeTestMethods(TestMethodWorker.java:148)\r\n\tat org.testng.internal.invokers.TestMethodWorker.run(TestMethodWorker.java:128)\r\n\tat java.base/java.util.ArrayList.forEach(ArrayList.java:1597)\r\n\tat org.testng.TestRunner.privateRun(TestRunner.java:819)\r\n\tat org.testng.TestRunner.run(TestRunner.java:619)\r\n\tat org.testng.SuiteRunner.runTest(SuiteRunner.java:443)\r\n\tat org.testng.SuiteRunner.runSequentially(SuiteRunner.java:437)\r\n\tat org.testng.SuiteRunner.privateRun(SuiteRunner.java:397)\r\n\tat org.testng.SuiteRunner.run(SuiteRunner.java:336)\r\n\tat org.testng.SuiteRunnerWorker.runSuite(SuiteRunnerWorker.java:52)\r\n\tat org.testng.SuiteRunnerWorker.run(SuiteRunnerWorker.java:95)\r\n\tat org.testng.TestNG.runSuitesSequentially(TestNG.java:1301)\r\n\tat org.testng.TestNG.runSuitesLocally(TestNG.java:1228)\r\n\tat org.testng.TestNG.runSuites(TestNG.java:1134)\r\n\tat org.testng.TestNG.run(TestNG.java:1101)\r\n\tat com.intellij.rt.testng.IDEARemoteTestNG.run(IDEARemoteTestNG.java:65)\r\n\tat com.intellij.rt.testng.RemoteTestNGStarter.main(RemoteTestNGStarter.java:105)\r\nCaused by: org.openqa.selenium.TimeoutException: Expected condition failed: waiting for frame to be available: [[ChromeDriver: chrome on windows (d015677a116d10d5cf9bafb8b794f6b1)] -> xpath: //fieldset[@class='fieldset create info']] (tried for 4 second(s) with 200 milliseconds interval)\nBuild info: version: '4.24.0', revision: '748ffc9bc3'\nSystem info: os.name: 'Windows 11', os.arch: 'amd64', os.version: '10.0', java.version: '22.0.1'\nDriver info: driver.version: unknown\r\n\tat org.openqa.selenium.support.ui.FluentWait.timeoutException(FluentWait.java:265)\r\n\tat org.openqa.selenium.support.ui.FluentWait.until(FluentWait.java:228)\r\n\tat com.codeborne.selenide.SelenideTargetLocator.lambda$frame$2(SelenideTargetLocator.java:132)\r\n\t... 31 more\r\n"},"stage":"finished","steps":[],"attachments":[],"parameters":[],"start":1728297294453,"stop":1728297300801}