{"uuid":"df4a17c8-4f27-4105-9059-fbd207ce88f0","historyId":"a5781680a1c9f3ec0692c3bcf85f0b90","fullName":"tests.GroupProductAtcTests.successGroupItemAdding","labels":[{"name":"package","value":"tests.GroupProductAtcTests"},{"name":"testClass","value":"tests.GroupProductAtcTests"},{"name":"testMethod","value":"successGroupItemAdding"},{"name":"parentSuite","value":"Default Suite"},{"name":"suite","value":"Luma_clothes_ui"},{"name":"subSuite","value":"tests.GroupProductAtcTests"},{"name":"host","value":"Aleksa"},{"name":"thread","value":"7456@Aleksa.main(1)"},{"name":"framework","value":"testng"},{"name":"language","value":"java"},{"name":"severity","value":"normal"}],"links":[],"name":"successGroupItemAdding","status":"failed","statusDetails":{"known":false,"muted":false,"flaky":false,"message":"Element not found {By.xpath: //div[@class='message-success success message']/div}\r\nExpected: enabled\r\nScreenshot: file:/D:/QA/java-practice/Luma_clothes_ui/build/reports/tests/1736428823659.0.png\r\nPage source: file:/D:/QA/java-practice/Luma_clothes_ui/build/reports/tests/1736428823659.0.html\r\nTimeout: 4 s.\r\nCaused by: NoSuchElementException: no such element: Unable to locate element: {\"method\":\"xpath\",\"selector\":\"//div[@class='message-success success message']/div\"}","trace":"Element not found {By.xpath: //div[@class='message-success success message']/div}\r\nExpected: enabled\r\nScreenshot: file:/D:/QA/java-practice/Luma_clothes_ui/build/reports/tests/1736428823659.0.png\r\nPage source: file:/D:/QA/java-practice/Luma_clothes_ui/build/reports/tests/1736428823659.0.html\r\nTimeout: 4 s.\r\nCaused by: NoSuchElementException: no such element: Unable to locate element: {\"method\":\"xpath\",\"selector\":\"//div[@class='message-success success message']/div\"}\r\n\tat com.codeborne.selenide.impl.WebElementSource.createElementNotFoundError(WebElementSource.java:90)\r\n\tat com.codeborne.selenide.impl.ElementFinder.createElementNotFoundError(ElementFinder.java:142)\r\n\tat com.codeborne.selenide.impl.WebElementSource.handleError(WebElementSource.java:142)\r\n\tat com.codeborne.selenide.impl.WebElementSource.checkConditionAndReturnElement(WebElementSource.java:126)\r\n\tat com.codeborne.selenide.impl.WebElementSource.checkCondition(WebElementSource.java:103)\r\n\tat com.codeborne.selenide.commands.Should.execute(Should.java:30)\r\n\tat com.codeborne.selenide.commands.Should.execute(Should.java:14)\r\n\tat com.codeborne.selenide.commands.Commands.execute(Commands.java:162)\r\n\tat com.codeborne.selenide.impl.SelenideElementProxy.dispatchAndRetry(SelenideElementProxy.java:134)\r\n\tat com.codeborne.selenide.impl.SelenideElementProxy.invoke(SelenideElementProxy.java:86)\r\n\tat jdk.proxy2/jdk.proxy2.$Proxy19.shouldBe(Unknown Source)\r\n\tat tools.PageTools.getElementText(PageTools.java:208)\r\n\tat pages.userPages.MyWishListPage.getSuccessMessageText(MyWishListPage.java:53)\r\n\tat tests.GroupProductAtcTests.successGroupItemAdding(GroupProductAtcTests.java:48)\r\n\tat java.base/jdk.internal.reflect.DirectMethodHandleAccessor.invoke(DirectMethodHandleAccessor.java:103)\r\n\tat java.base/java.lang.reflect.Method.invoke(Method.java:580)\r\n\tat org.testng.internal.invokers.MethodInvocationHelper.invokeMethod(MethodInvocationHelper.java:139)\r\n\tat org.testng.internal.invokers.TestInvoker.invokeMethod(TestInvoker.java:664)\r\n\tat org.testng.internal.invokers.TestInvoker.invokeTestMethod(TestInvoker.java:228)\r\n\tat org.testng.internal.invokers.MethodRunner.runInSequence(MethodRunner.java:63)\r\n\tat org.testng.internal.invokers.TestInvoker$MethodInvocationAgent.invoke(TestInvoker.java:961)\r\n\tat org.testng.internal.invokers.TestInvoker.invokeTestMethods(TestInvoker.java:201)\r\n\tat org.testng.internal.invokers.TestMethodWorker.invokeTestMethods(TestMethodWorker.java:148)\r\n\tat org.testng.internal.invokers.TestMethodWorker.run(TestMethodWorker.java:128)\r\n\tat java.base/java.util.ArrayList.forEach(ArrayList.java:1597)\r\n\tat org.testng.TestRunner.privateRun(TestRunner.java:819)\r\n\tat org.testng.TestRunner.run(TestRunner.java:619)\r\n\tat org.testng.SuiteRunner.runTest(SuiteRunner.java:443)\r\n\tat org.testng.SuiteRunner.runSequentially(SuiteRunner.java:437)\r\n\tat org.testng.SuiteRunner.privateRun(SuiteRunner.java:397)\r\n\tat org.testng.SuiteRunner.run(SuiteRunner.java:336)\r\n\tat org.testng.SuiteRunnerWorker.runSuite(SuiteRunnerWorker.java:52)\r\n\tat org.testng.SuiteRunnerWorker.run(SuiteRunnerWorker.java:95)\r\n\tat org.testng.TestNG.runSuitesSequentially(TestNG.java:1301)\r\n\tat org.testng.TestNG.runSuitesLocally(TestNG.java:1228)\r\n\tat org.testng.TestNG.runSuites(TestNG.java:1134)\r\n\tat org.testng.TestNG.run(TestNG.java:1101)\r\n\tat com.intellij.rt.testng.IDEARemoteTestNG.run(IDEARemoteTestNG.java:65)\r\n\tat com.intellij.rt.testng.RemoteTestNGStarter.main(RemoteTestNGStarter.java:105)\r\nCaused by: org.openqa.selenium.NoSuchElementException: no such element: Unable to locate element: {\"method\":\"xpath\",\"selector\":\"//div[@class='message-success success message']/div\"}\n  (Session info: chrome=131.0.6778.265)\nFor documentation on this error, please visit: https://www.selenium.dev/documentation/webdriver/troubleshooting/errors#no-such-element-exception\nBuild info: version: '4.24.0', revision: '748ffc9bc3'\nSystem info: os.name: 'Windows 11', os.arch: 'amd64', os.version: '10.0', java.version: '22.0.1'\nDriver info: org.openqa.selenium.chrome.ChromeDriver\nCommand: [e4a8b19b70ab886cfed8583ae415ca9b, findElement {value=//div[@class='message-success success message']/div, using=xpath}]\nCapabilities {acceptInsecureCerts: true, browserName: chrome, browserVersion: 131.0.6778.265, chrome: {chromedriverVersion: 131.0.6778.264 (2d05e315153..., userDataDir: C:\\Users\\visio\\AppData\\Loca...}, fedcm:accounts: true, goog:chromeOptions: {debuggerAddress: localhost:50614}, networkConnectionEnabled: false, pageLoadStrategy: normal, platformName: windows, proxy: Proxy(), se:cdp: ws://localhost:50614/devtoo..., se:cdpVersion: 131.0.6778.265, setWindowRect: true, strictFileInteractability: false, timeouts: {implicit: 0, pageLoad: 300000, script: 30000}, unhandledPromptBehavior: accept, webauthn:extension:credBlob: true, webauthn:extension:largeBlob: true, webauthn:extension:minPinLength: true, webauthn:extension:prf: true, webauthn:virtualAuthenticators: true}\nSession ID: e4a8b19b70ab886cfed8583ae415ca9b\r\n\tat java.base/jdk.internal.reflect.DirectConstructorHandleAccessor.newInstance(DirectConstructorHandleAccessor.java:62)\r\n\tat java.base/java.lang.reflect.Constructor.newInstanceWithCaller(Constructor.java:502)\r\n\tat java.base/java.lang.reflect.Constructor.newInstance(Constructor.java:486)\r\n\tat org.openqa.selenium.remote.ErrorCodec.decode(ErrorCodec.java:167)\r\n\tat org.openqa.selenium.remote.codec.w3c.W3CHttpResponseCodec.decode(W3CHttpResponseCodec.java:138)\r\n\tat org.openqa.selenium.remote.codec.w3c.W3CHttpResponseCodec.decode(W3CHttpResponseCodec.java:50)\r\n\tat org.openqa.selenium.remote.HttpCommandExecutor.execute(HttpCommandExecutor.java:190)\r\n\tat org.openqa.selenium.remote.service.DriverCommandExecutor.invokeExecute(DriverCommandExecutor.java:216)\r\n\tat org.openqa.selenium.remote.service.DriverCommandExecutor.execute(DriverCommandExecutor.java:174)\r\n\tat org.openqa.selenium.remote.RemoteWebDriver.execute(RemoteWebDriver.java:545)\r\n\tat org.openqa.selenium.remote.ElementLocation$ElementFinder$2.findElement(ElementLocation.java:165)\r\n\tat org.openqa.selenium.remote.ElementLocation.findElement(ElementLocation.java:59)\r\n\tat org.openqa.selenium.remote.RemoteWebDriver.findElement(RemoteWebDriver.java:368)\r\n\tat org.openqa.selenium.remote.RemoteWebDriver.findElement(RemoteWebDriver.java:362)\r\n\tat com.codeborne.selenide.impl.WebElementSelector.findElement(WebElementSelector.java:73)\r\n\tat com.codeborne.selenide.impl.WebElementSelector.findElement(WebElementSelector.java:46)\r\n\tat com.codeborne.selenide.impl.WebElementSelector.findElement(WebElementSelector.java:35)\r\n\tat com.codeborne.selenide.impl.ElementFinder.getWebElement(ElementFinder.java:122)\r\n\tat com.codeborne.selenide.impl.WebElementSource.checkConditionAndReturnElement(WebElementSource.java:115)\r\n\t... 35 more\r\n"},"stage":"finished","description":"Group product card is selected. Product is added to cart wishlist and cart successfully. Product is updated successfully","steps":[{"name":"http://46.101.147.48/ is opened in browser","status":"passed","stage":"finished","steps":[],"attachments":[],"parameters":[{"name":"url","value":"http://46.101.147.48/"}],"start":1736428804815,"stop":1736428812167},{"name":"Click Women button in Category menu","status":"passed","stage":"finished","steps":[{"name":"Click Women button in Category menu","status":"passed","stage":"finished","steps":[{"name":"$(\"By.xpath: //a[@id='ui-id-3']\") should be(visible)","status":"passed","stage":"finished","steps":[],"attachments":[],"parameters":[],"start":1736428814051,"stop":1736428814236},{"name":"$(\"By.xpath: //a[@id='ui-id-3']\") click()","status":"passed","stage":"finished","steps":[],"attachments":[],"parameters":[],"start":1736428814236,"stop":1736428814956}],"attachments":[],"parameters":[],"start":1736428812400,"stop":1736428814956}],"attachments":[],"parameters":[],"start":1736428812296,"stop":1736428814974},{"name":"Click Test link","status":"passed","stage":"finished","steps":[{"name":"$(\"By.xpath: //a[text()='Test']\") should be(visible)","status":"passed","stage":"finished","steps":[],"attachments":[],"parameters":[],"start":1736428814977,"stop":1736428815048},{"name":"$(\"By.xpath: //a[text()='Test']\") click()","status":"passed","stage":"finished","steps":[],"attachments":[],"parameters":[],"start":1736428815048,"stop":1736428815430}],"attachments":[],"parameters":[],"start":1736428814974,"stop":1736428815471},{"name":"Click Group product card","status":"passed","stage":"finished","steps":[{"name":"$(\"By.xpath: ( //div[@class='product-item-info'])[2]\") should be(visible)","status":"passed","stage":"finished","steps":[],"attachments":[],"parameters":[],"start":1736428815476,"stop":1736428815594},{"name":"$(\"By.xpath: ( //div[@class='product-item-info'])[2]\") click()","status":"passed","stage":"finished","steps":[],"attachments":[],"parameters":[],"start":1736428815594,"stop":1736428816136}],"attachments":[],"parameters":[],"start":1736428815473,"stop":1736428816167},{"name":"Check if Product image/name/price/size/color buttons are displayed","status":"passed","stage":"finished","steps":[{"name":"Check if product image is displayed","status":"passed","stage":"finished","steps":[{"name":"$(\"By.xpath: //img[@class='fotorama__img']\") should be(visible)","status":"passed","stage":"finished","steps":[],"attachments":[],"parameters":[],"start":1736428816172,"stop":1736428816987},{"name":"$(\"By.xpath: //img[@class='fotorama__img']\") is(visible)","status":"passed","stage":"finished","steps":[],"attachments":[],"parameters":[],"start":1736428816987,"stop":1736428817021}],"attachments":[],"parameters":[],"start":1736428816169,"stop":1736428817021},{"name":"Check if Product name is displayed","status":"passed","stage":"finished","steps":[{"name":"$(\"By.xpath: //span[@itemprop='name']\") is(visible)","status":"passed","stage":"finished","steps":[],"attachments":[],"parameters":[],"start":1736428817026,"stop":1736428817076}],"attachments":[],"parameters":[],"start":1736428817026,"stop":1736428817076},{"name":"Check if price/prices is displayed","status":"passed","stage":"finished","steps":[{"name":"$(\"By.xpath: //span[@data-price-type='minPrice']//span[@class='price']\") is displayed()","status":"passed","stage":"finished","steps":[],"attachments":[],"parameters":[],"start":1736428817079,"stop":1736428817097},{"name":"$(\"By.xpath: //span[@class='price-wrapper ']/span\") is displayed()","status":"passed","stage":"finished","steps":[],"attachments":[],"parameters":[],"start":1736428817097,"stop":1736428817128},{"name":"$(\"By.xpath: //span[@class='price-wrapper ']/span[1]\") is(visible)","status":"passed","stage":"finished","steps":[],"attachments":[],"parameters":[],"start":1736428817128,"stop":1736428817160}],"attachments":[],"parameters":[],"start":1736428817076,"stop":1736428817160},{"name":"Check if Size button is displayed","status":"passed","stage":"finished","steps":[{"name":"$(\"By.xpath: //div[contains(@class, 'swatch-option text')]\") is(visible)","status":"passed","stage":"finished","steps":[],"attachments":[],"parameters":[],"start":1736428817160,"stop":1736428817186}],"attachments":[],"parameters":[],"start":1736428817160,"stop":1736428817186},{"name":"Check if Color button is displayed","status":"passed","stage":"finished","steps":[{"name":"$(\"By.xpath: //div[contains(@class, 'swatch-option color')]\") is(visible)","status":"passed","stage":"finished","steps":[],"attachments":[],"parameters":[],"start":1736428817187,"stop":1736428817207}],"attachments":[],"parameters":[],"start":1736428817187,"stop":1736428817207}],"attachments":[],"parameters":[],"start":1736428816168,"stop":1736428817207},{"name":"Get Product name text","status":"passed","stage":"finished","steps":[{"name":"$(\"By.xpath: //span[@itemprop='name']\") should be(enabled)","status":"passed","stage":"finished","steps":[],"attachments":[],"parameters":[],"start":1736428817207,"stop":1736428817227},{"name":"$(\"By.xpath: //span[@itemprop='name']\") text()","status":"passed","stage":"finished","steps":[],"attachments":[],"parameters":[],"start":1736428817227,"stop":1736428817278}],"attachments":[],"parameters":[],"start":1736428817207,"stop":1736428817278},{"name":"Get group item name by 1","status":"passed","stage":"finished","steps":[{"name":"$(\"By.xpath: ( //td/strong[@class='product-item-name'])[1]\") should be(enabled)","status":"passed","stage":"finished","steps":[],"attachments":[],"parameters":[],"start":1736428817278,"stop":1736428817306},{"name":"$(\"By.xpath: ( //td/strong[@class='product-item-name'])[1]\") text()","status":"passed","stage":"finished","steps":[],"attachments":[],"parameters":[],"start":1736428817306,"stop":1736428817358}],"attachments":[],"parameters":[{"name":"index","value":"1"}],"start":1736428817278,"stop":1736428817358},{"name":"Get group item name by 2","status":"passed","stage":"finished","steps":[{"name":"$(\"By.xpath: ( //td/strong[@class='product-item-name'])[2]\") should be(enabled)","status":"passed","stage":"finished","steps":[],"attachments":[],"parameters":[],"start":1736428817358,"stop":1736428817397},{"name":"$(\"By.xpath: ( //td/strong[@class='product-item-name'])[2]\") text()","status":"passed","stage":"finished","steps":[],"attachments":[],"parameters":[],"start":1736428817397,"stop":1736428817457}],"attachments":[],"parameters":[{"name":"index","value":"2"}],"start":1736428817358,"stop":1736428817457},{"name":"Get group item name by 3","status":"passed","stage":"finished","steps":[{"name":"$(\"By.xpath: ( //td/strong[@class='product-item-name'])[3]\") should be(enabled)","status":"passed","stage":"finished","steps":[],"attachments":[],"parameters":[],"start":1736428817460,"stop":1736428817488},{"name":"$(\"By.xpath: ( //td/strong[@class='product-item-name'])[3]\") text()","status":"passed","stage":"finished","steps":[],"attachments":[],"parameters":[],"start":1736428817488,"stop":1736428817516}],"attachments":[],"parameters":[{"name":"index","value":"3"}],"start":1736428817457,"stop":1736428817516},{"name":"Get group item price by 1","status":"passed","stage":"finished","steps":[{"name":"$(\"By.xpath: ( //span[@class='price-wrapper ']/span)[1]\") should be(enabled)","status":"passed","stage":"finished","steps":[],"attachments":[],"parameters":[],"start":1736428817521,"stop":1736428817554},{"name":"$(\"By.xpath: ( //span[@class='price-wrapper ']/span)[1]\") text()","status":"passed","stage":"finished","steps":[],"attachments":[],"parameters":[],"start":1736428817554,"stop":1736428817587}],"attachments":[],"parameters":[{"name":"index","value":"1"}],"start":1736428817521,"stop":1736428817587},{"name":"Get group item price by 2","status":"passed","stage":"finished","steps":[{"name":"$(\"By.xpath: ( //span[@class='price-wrapper ']/span)[2]\") should be(enabled)","status":"passed","stage":"finished","steps":[],"attachments":[],"parameters":[],"start":1736428817587,"stop":1736428817617},{"name":"$(\"By.xpath: ( //span[@class='price-wrapper ']/span)[2]\") text()","status":"passed","stage":"finished","steps":[],"attachments":[],"parameters":[],"start":1736428817617,"stop":1736428817646}],"attachments":[],"parameters":[{"name":"index","value":"2"}],"start":1736428817587,"stop":1736428817646},{"name":"Get group item price by 3","status":"passed","stage":"finished","steps":[{"name":"$(\"By.xpath: ( //span[@class='price-wrapper ']/span)[3]\") should be(enabled)","status":"passed","stage":"finished","steps":[],"attachments":[],"parameters":[],"start":1736428817646,"stop":1736428817667},{"name":"$(\"By.xpath: ( //span[@class='price-wrapper ']/span)[3]\") text()","status":"passed","stage":"finished","steps":[],"attachments":[],"parameters":[],"start":1736428817667,"stop":1736428817708}],"attachments":[],"parameters":[{"name":"index","value":"3"}],"start":1736428817646,"stop":1736428817708},{"name":"Get group item qty by 1","status":"passed","stage":"finished","steps":[{"name":"$(\"By.xpath: ( //input[@title='Qty'])[1]\") should be(exist)","status":"passed","stage":"finished","steps":[],"attachments":[],"parameters":[],"start":1736428817708,"stop":1736428817737},{"name":"$(\"By.xpath: ( //input[@title='Qty'])[1]\") attr(value)","status":"passed","stage":"finished","steps":[],"attachments":[],"parameters":[],"start":1736428817737,"stop":1736428817766}],"attachments":[],"parameters":[{"name":"index","value":"1"}],"start":1736428817708,"stop":1736428817766},{"name":"Get group item qty by 2","status":"passed","stage":"finished","steps":[{"name":"$(\"By.xpath: ( //input[@title='Qty'])[2]\") should be(exist)","status":"passed","stage":"finished","steps":[],"attachments":[],"parameters":[],"start":1736428817768,"stop":1736428817796},{"name":"$(\"By.xpath: ( //input[@title='Qty'])[2]\") attr(value)","status":"passed","stage":"finished","steps":[],"attachments":[],"parameters":[],"start":1736428817796,"stop":1736428817817}],"attachments":[],"parameters":[{"name":"index","value":"2"}],"start":1736428817766,"stop":1736428817817},{"name":"Get group item qty by 3","status":"passed","stage":"finished","steps":[{"name":"$(\"By.xpath: ( //input[@title='Qty'])[3]\") should be(exist)","status":"passed","stage":"finished","steps":[],"attachments":[],"parameters":[],"start":1736428817817,"stop":1736428817847},{"name":"$(\"By.xpath: ( //input[@title='Qty'])[3]\") attr(value)","status":"passed","stage":"finished","steps":[],"attachments":[],"parameters":[],"start":1736428817847,"stop":1736428817867}],"attachments":[],"parameters":[{"name":"index","value":"3"}],"start":1736428817817,"stop":1736428817867},{"name":"Click Add to Wishlist button as guest","status":"passed","stage":"finished","steps":[{"name":"$(\"By.xpath: //a[@class='action towishlist']\") should be(visible)","status":"passed","stage":"finished","steps":[],"attachments":[],"parameters":[],"start":1736428817867,"stop":1736428817898},{"name":"$(\"By.xpath: //a[@class='action towishlist']\") click()","status":"passed","stage":"finished","steps":[],"attachments":[],"parameters":[],"start":1736428817898,"stop":1736428818331}],"attachments":[],"parameters":[],"start":1736428817867,"stop":1736428818332},{"name":"Get error info message text","status":"passed","stage":"finished","steps":[{"name":"$(\"By.xpath: //div[@class='message-error error message']/div\") should be(enabled)","status":"passed","stage":"finished","steps":[],"attachments":[],"parameters":[],"start":1736428818333,"stop":1736428818642},{"name":"$(\"By.xpath: //div[@class='message-error error message']/div\") text()","status":"passed","stage":"finished","steps":[],"attachments":[],"parameters":[],"start":1736428818643,"stop":1736428818675}],"attachments":[],"parameters":[],"start":1736428818332,"stop":1736428818675},{"name":"Fill Email field with bonus@gmail.nl","status":"passed","stage":"finished","steps":[{"name":"$(\"fieldset/By.xpath: .//input[@id='email']\") should be(visible)","status":"passed","stage":"finished","steps":[],"attachments":[],"parameters":[],"start":1736428818677,"stop":1736428818723},{"name":"$(\"fieldset/By.xpath: .//input[@id='email']\") send keys(bonus@gmail.nl)","status":"passed","stage":"finished","steps":[],"attachments":[],"parameters":[],"start":1736428818723,"stop":1736428818879}],"attachments":[],"parameters":[{"name":"email","value":"bonus@gmail.nl"}],"start":1736428818676,"stop":1736428818879},{"name":"Fill Password field with Aleksa111!","status":"passed","stage":"finished","steps":[{"name":"$(\"fieldset/By.xpath: .//input[@id='pass']\") should be(visible)","status":"passed","stage":"finished","steps":[],"attachments":[],"parameters":[],"start":1736428818880,"stop":1736428818918},{"name":"$(\"fieldset/By.xpath: .//input[@id='pass']\") send keys(Aleksa111!)","status":"passed","stage":"finished","steps":[],"attachments":[],"parameters":[],"start":1736428818918,"stop":1736428819045}],"attachments":[],"parameters":[{"name":"password","value":"Aleksa111!"}],"start":1736428818880,"stop":1736428819045},{"name":"Click Sign in button","status":"passed","stage":"finished","steps":[{"name":"$(\"By.xpath: .//button[@name='send']\") should be(visible)","status":"passed","stage":"finished","steps":[],"attachments":[],"parameters":[],"start":1736428819047,"stop":1736428819076},{"name":"$(\"By.xpath: .//button[@name='send']\") click()","status":"passed","stage":"finished","steps":[],"attachments":[],"parameters":[],"start":1736428819076,"stop":1736428819491}],"attachments":[],"parameters":[],"start":1736428819047,"stop":1736428819492},{"name":"Get success info message text","status":"failed","statusDetails":{"known":false,"muted":false,"flaky":false,"message":"Element not found {By.xpath: //div[@class='message-success success message']/div}\r\nExpected: enabled\r\nScreenshot: file:/D:/QA/java-practice/Luma_clothes_ui/build/reports/tests/1736428823659.0.png\r\nPage source: file:/D:/QA/java-practice/Luma_clothes_ui/build/reports/tests/1736428823659.0.html\r\nTimeout: 4 s.\r\nCaused by: NoSuchElementException: no such element: Unable to locate element: {\"method\":\"xpath\",\"selector\":\"//div[@class='message-success success message']/div\"}","trace":"Element not found {By.xpath: //div[@class='message-success success message']/div}\r\nExpected: enabled\r\nScreenshot: file:/D:/QA/java-practice/Luma_clothes_ui/build/reports/tests/1736428823659.0.png\r\nPage source: file:/D:/QA/java-practice/Luma_clothes_ui/build/reports/tests/1736428823659.0.html\r\nTimeout: 4 s.\r\nCaused by: NoSuchElementException: no such element: Unable to locate element: {\"method\":\"xpath\",\"selector\":\"//div[@class='message-success success message']/div\"}\r\n\tat com.codeborne.selenide.impl.WebElementSource.createElementNotFoundError(WebElementSource.java:90)\r\n\tat com.codeborne.selenide.impl.ElementFinder.createElementNotFoundError(ElementFinder.java:142)\r\n\tat com.codeborne.selenide.impl.WebElementSource.handleError(WebElementSource.java:142)\r\n\tat com.codeborne.selenide.impl.WebElementSource.checkConditionAndReturnElement(WebElementSource.java:126)\r\n\tat com.codeborne.selenide.impl.WebElementSource.checkCondition(WebElementSource.java:103)\r\n\tat com.codeborne.selenide.commands.Should.execute(Should.java:30)\r\n\tat com.codeborne.selenide.commands.Should.execute(Should.java:14)\r\n\tat com.codeborne.selenide.commands.Commands.execute(Commands.java:162)\r\n\tat com.codeborne.selenide.impl.SelenideElementProxy.dispatchAndRetry(SelenideElementProxy.java:134)\r\n\tat com.codeborne.selenide.impl.SelenideElementProxy.invoke(SelenideElementProxy.java:86)\r\n\tat jdk.proxy2/jdk.proxy2.$Proxy19.shouldBe(Unknown Source)\r\n\tat tools.PageTools.getElementText(PageTools.java:208)\r\n\tat pages.userPages.MyWishListPage.getSuccessMessageText(MyWishListPage.java:53)\r\n\tat tests.GroupProductAtcTests.successGroupItemAdding(GroupProductAtcTests.java:48)\r\n\tat java.base/jdk.internal.reflect.DirectMethodHandleAccessor.invoke(DirectMethodHandleAccessor.java:103)\r\n\tat java.base/java.lang.reflect.Method.invoke(Method.java:580)\r\n\tat org.testng.internal.invokers.MethodInvocationHelper.invokeMethod(MethodInvocationHelper.java:139)\r\n\tat org.testng.internal.invokers.TestInvoker.invokeMethod(TestInvoker.java:664)\r\n\tat org.testng.internal.invokers.TestInvoker.invokeTestMethod(TestInvoker.java:228)\r\n\tat org.testng.internal.invokers.MethodRunner.runInSequence(MethodRunner.java:63)\r\n\tat org.testng.internal.invokers.TestInvoker$MethodInvocationAgent.invoke(TestInvoker.java:961)\r\n\tat org.testng.internal.invokers.TestInvoker.invokeTestMethods(TestInvoker.java:201)\r\n\tat org.testng.internal.invokers.TestMethodWorker.invokeTestMethods(TestMethodWorker.java:148)\r\n\tat org.testng.internal.invokers.TestMethodWorker.run(TestMethodWorker.java:128)\r\n\tat java.base/java.util.ArrayList.forEach(ArrayList.java:1597)\r\n\tat org.testng.TestRunner.privateRun(TestRunner.java:819)\r\n\tat org.testng.TestRunner.run(TestRunner.java:619)\r\n\tat org.testng.SuiteRunner.runTest(SuiteRunner.java:443)\r\n\tat org.testng.SuiteRunner.runSequentially(SuiteRunner.java:437)\r\n\tat org.testng.SuiteRunner.privateRun(SuiteRunner.java:397)\r\n\tat org.testng.SuiteRunner.run(SuiteRunner.java:336)\r\n\tat org.testng.SuiteRunnerWorker.runSuite(SuiteRunnerWorker.java:52)\r\n\tat org.testng.SuiteRunnerWorker.run(SuiteRunnerWorker.java:95)\r\n\tat org.testng.TestNG.runSuitesSequentially(TestNG.java:1301)\r\n\tat org.testng.TestNG.runSuitesLocally(TestNG.java:1228)\r\n\tat org.testng.TestNG.runSuites(TestNG.java:1134)\r\n\tat org.testng.TestNG.run(TestNG.java:1101)\r\n\tat com.intellij.rt.testng.IDEARemoteTestNG.run(IDEARemoteTestNG.java:65)\r\n\tat com.intellij.rt.testng.RemoteTestNGStarter.main(RemoteTestNGStarter.java:105)\r\nCaused by: org.openqa.selenium.NoSuchElementException: no such element: Unable to locate element: {\"method\":\"xpath\",\"selector\":\"//div[@class='message-success success message']/div\"}\n  (Session info: chrome=131.0.6778.265)\nFor documentation on this error, please visit: https://www.selenium.dev/documentation/webdriver/troubleshooting/errors#no-such-element-exception\nBuild info: version: '4.24.0', revision: '748ffc9bc3'\nSystem info: os.name: 'Windows 11', os.arch: 'amd64', os.version: '10.0', java.version: '22.0.1'\nDriver info: org.openqa.selenium.chrome.ChromeDriver\nCommand: [e4a8b19b70ab886cfed8583ae415ca9b, findElement {value=//div[@class='message-success success message']/div, using=xpath}]\nCapabilities {acceptInsecureCerts: true, browserName: chrome, browserVersion: 131.0.6778.265, chrome: {chromedriverVersion: 131.0.6778.264 (2d05e315153..., userDataDir: C:\\Users\\visio\\AppData\\Loca...}, fedcm:accounts: true, goog:chromeOptions: {debuggerAddress: localhost:50614}, networkConnectionEnabled: false, pageLoadStrategy: normal, platformName: windows, proxy: Proxy(), se:cdp: ws://localhost:50614/devtoo..., se:cdpVersion: 131.0.6778.265, setWindowRect: true, strictFileInteractability: false, timeouts: {implicit: 0, pageLoad: 300000, script: 30000}, unhandledPromptBehavior: accept, webauthn:extension:credBlob: true, webauthn:extension:largeBlob: true, webauthn:extension:minPinLength: true, webauthn:extension:prf: true, webauthn:virtualAuthenticators: true}\nSession ID: e4a8b19b70ab886cfed8583ae415ca9b\r\n\tat java.base/jdk.internal.reflect.DirectConstructorHandleAccessor.newInstance(DirectConstructorHandleAccessor.java:62)\r\n\tat java.base/java.lang.reflect.Constructor.newInstanceWithCaller(Constructor.java:502)\r\n\tat java.base/java.lang.reflect.Constructor.newInstance(Constructor.java:486)\r\n\tat org.openqa.selenium.remote.ErrorCodec.decode(ErrorCodec.java:167)\r\n\tat org.openqa.selenium.remote.codec.w3c.W3CHttpResponseCodec.decode(W3CHttpResponseCodec.java:138)\r\n\tat org.openqa.selenium.remote.codec.w3c.W3CHttpResponseCodec.decode(W3CHttpResponseCodec.java:50)\r\n\tat org.openqa.selenium.remote.HttpCommandExecutor.execute(HttpCommandExecutor.java:190)\r\n\tat org.openqa.selenium.remote.service.DriverCommandExecutor.invokeExecute(DriverCommandExecutor.java:216)\r\n\tat org.openqa.selenium.remote.service.DriverCommandExecutor.execute(DriverCommandExecutor.java:174)\r\n\tat org.openqa.selenium.remote.RemoteWebDriver.execute(RemoteWebDriver.java:545)\r\n\tat org.openqa.selenium.remote.ElementLocation$ElementFinder$2.findElement(ElementLocation.java:165)\r\n\tat org.openqa.selenium.remote.ElementLocation.findElement(ElementLocation.java:59)\r\n\tat org.openqa.selenium.remote.RemoteWebDriver.findElement(RemoteWebDriver.java:368)\r\n\tat org.openqa.selenium.remote.RemoteWebDriver.findElement(RemoteWebDriver.java:362)\r\n\tat com.codeborne.selenide.impl.WebElementSelector.findElement(WebElementSelector.java:73)\r\n\tat com.codeborne.selenide.impl.WebElementSelector.findElement(WebElementSelector.java:46)\r\n\tat com.codeborne.selenide.impl.WebElementSelector.findElement(WebElementSelector.java:35)\r\n\tat com.codeborne.selenide.impl.ElementFinder.getWebElement(ElementFinder.java:122)\r\n\tat com.codeborne.selenide.impl.WebElementSource.checkConditionAndReturnElement(WebElementSource.java:115)\r\n\t... 35 more\r\n"},"stage":"finished","steps":[{"name":"$(\"By.xpath: //div[@class='message-success success message']/div\") should be(enabled)","status":"failed","statusDetails":{"known":false,"muted":false,"flaky":false,"message":"Element not found {By.xpath: //div[@class='message-success success message']/div}\r\nExpected: enabled\r\nScreenshot: file:/D:/QA/java-practice/Luma_clothes_ui/build/reports/tests/1736428823659.0.png\r\nPage source: file:/D:/QA/java-practice/Luma_clothes_ui/build/reports/tests/1736428823659.0.html\r\nTimeout: 4 s.\r\nCaused by: NoSuchElementException: no such element: Unable to locate element: {\"method\":\"xpath\",\"selector\":\"//div[@class='message-success success message']/div\"}","trace":"Element not found {By.xpath: //div[@class='message-success success message']/div}\r\nExpected: enabled\r\nScreenshot: file:/D:/QA/java-practice/Luma_clothes_ui/build/reports/tests/1736428823659.0.png\r\nPage source: file:/D:/QA/java-practice/Luma_clothes_ui/build/reports/tests/1736428823659.0.html\r\nTimeout: 4 s.\r\nCaused by: NoSuchElementException: no such element: Unable to locate element: {\"method\":\"xpath\",\"selector\":\"//div[@class='message-success success message']/div\"}\r\n\tat com.codeborne.selenide.impl.WebElementSource.createElementNotFoundError(WebElementSource.java:90)\r\n\tat com.codeborne.selenide.impl.ElementFinder.createElementNotFoundError(ElementFinder.java:142)\r\n\tat com.codeborne.selenide.impl.WebElementSource.handleError(WebElementSource.java:142)\r\n\tat com.codeborne.selenide.impl.WebElementSource.checkConditionAndReturnElement(WebElementSource.java:126)\r\n\tat com.codeborne.selenide.impl.WebElementSource.checkCondition(WebElementSource.java:103)\r\n\tat com.codeborne.selenide.commands.Should.execute(Should.java:30)\r\n\tat com.codeborne.selenide.commands.Should.execute(Should.java:14)\r\n\tat com.codeborne.selenide.commands.Commands.execute(Commands.java:162)\r\n\tat com.codeborne.selenide.impl.SelenideElementProxy.dispatchAndRetry(SelenideElementProxy.java:134)\r\n\tat com.codeborne.selenide.impl.SelenideElementProxy.invoke(SelenideElementProxy.java:86)\r\n\tat jdk.proxy2/jdk.proxy2.$Proxy19.shouldBe(Unknown Source)\r\n\tat tools.PageTools.getElementText(PageTools.java:208)\r\n\tat pages.userPages.MyWishListPage.getSuccessMessageText(MyWishListPage.java:53)\r\n\tat tests.GroupProductAtcTests.successGroupItemAdding(GroupProductAtcTests.java:48)\r\n\tat java.base/jdk.internal.reflect.DirectMethodHandleAccessor.invoke(DirectMethodHandleAccessor.java:103)\r\n\tat java.base/java.lang.reflect.Method.invoke(Method.java:580)\r\n\tat org.testng.internal.invokers.MethodInvocationHelper.invokeMethod(MethodInvocationHelper.java:139)\r\n\tat org.testng.internal.invokers.TestInvoker.invokeMethod(TestInvoker.java:664)\r\n\tat org.testng.internal.invokers.TestInvoker.invokeTestMethod(TestInvoker.java:228)\r\n\tat org.testng.internal.invokers.MethodRunner.runInSequence(MethodRunner.java:63)\r\n\tat org.testng.internal.invokers.TestInvoker$MethodInvocationAgent.invoke(TestInvoker.java:961)\r\n\tat org.testng.internal.invokers.TestInvoker.invokeTestMethods(TestInvoker.java:201)\r\n\tat org.testng.internal.invokers.TestMethodWorker.invokeTestMethods(TestMethodWorker.java:148)\r\n\tat org.testng.internal.invokers.TestMethodWorker.run(TestMethodWorker.java:128)\r\n\tat java.base/java.util.ArrayList.forEach(ArrayList.java:1597)\r\n\tat org.testng.TestRunner.privateRun(TestRunner.java:819)\r\n\tat org.testng.TestRunner.run(TestRunner.java:619)\r\n\tat org.testng.SuiteRunner.runTest(SuiteRunner.java:443)\r\n\tat org.testng.SuiteRunner.runSequentially(SuiteRunner.java:437)\r\n\tat org.testng.SuiteRunner.privateRun(SuiteRunner.java:397)\r\n\tat org.testng.SuiteRunner.run(SuiteRunner.java:336)\r\n\tat org.testng.SuiteRunnerWorker.runSuite(SuiteRunnerWorker.java:52)\r\n\tat org.testng.SuiteRunnerWorker.run(SuiteRunnerWorker.java:95)\r\n\tat org.testng.TestNG.runSuitesSequentially(TestNG.java:1301)\r\n\tat org.testng.TestNG.runSuitesLocally(TestNG.java:1228)\r\n\tat org.testng.TestNG.runSuites(TestNG.java:1134)\r\n\tat org.testng.TestNG.run(TestNG.java:1101)\r\n\tat com.intellij.rt.testng.IDEARemoteTestNG.run(IDEARemoteTestNG.java:65)\r\n\tat com.intellij.rt.testng.RemoteTestNGStarter.main(RemoteTestNGStarter.java:105)\r\nCaused by: org.openqa.selenium.NoSuchElementException: no such element: Unable to locate element: {\"method\":\"xpath\",\"selector\":\"//div[@class='message-success success message']/div\"}\n  (Session info: chrome=131.0.6778.265)\nFor documentation on this error, please visit: https://www.selenium.dev/documentation/webdriver/troubleshooting/errors#no-such-element-exception\nBuild info: version: '4.24.0', revision: '748ffc9bc3'\nSystem info: os.name: 'Windows 11', os.arch: 'amd64', os.version: '10.0', java.version: '22.0.1'\nDriver info: org.openqa.selenium.chrome.ChromeDriver\nCommand: [e4a8b19b70ab886cfed8583ae415ca9b, findElement {value=//div[@class='message-success success message']/div, using=xpath}]\nCapabilities {acceptInsecureCerts: true, browserName: chrome, browserVersion: 131.0.6778.265, chrome: {chromedriverVersion: 131.0.6778.264 (2d05e315153..., userDataDir: C:\\Users\\visio\\AppData\\Loca...}, fedcm:accounts: true, goog:chromeOptions: {debuggerAddress: localhost:50614}, networkConnectionEnabled: false, pageLoadStrategy: normal, platformName: windows, proxy: Proxy(), se:cdp: ws://localhost:50614/devtoo..., se:cdpVersion: 131.0.6778.265, setWindowRect: true, strictFileInteractability: false, timeouts: {implicit: 0, pageLoad: 300000, script: 30000}, unhandledPromptBehavior: accept, webauthn:extension:credBlob: true, webauthn:extension:largeBlob: true, webauthn:extension:minPinLength: true, webauthn:extension:prf: true, webauthn:virtualAuthenticators: true}\nSession ID: e4a8b19b70ab886cfed8583ae415ca9b\r\n\tat java.base/jdk.internal.reflect.DirectConstructorHandleAccessor.newInstance(DirectConstructorHandleAccessor.java:62)\r\n\tat java.base/java.lang.reflect.Constructor.newInstanceWithCaller(Constructor.java:502)\r\n\tat java.base/java.lang.reflect.Constructor.newInstance(Constructor.java:486)\r\n\tat org.openqa.selenium.remote.ErrorCodec.decode(ErrorCodec.java:167)\r\n\tat org.openqa.selenium.remote.codec.w3c.W3CHttpResponseCodec.decode(W3CHttpResponseCodec.java:138)\r\n\tat org.openqa.selenium.remote.codec.w3c.W3CHttpResponseCodec.decode(W3CHttpResponseCodec.java:50)\r\n\tat org.openqa.selenium.remote.HttpCommandExecutor.execute(HttpCommandExecutor.java:190)\r\n\tat org.openqa.selenium.remote.service.DriverCommandExecutor.invokeExecute(DriverCommandExecutor.java:216)\r\n\tat org.openqa.selenium.remote.service.DriverCommandExecutor.execute(DriverCommandExecutor.java:174)\r\n\tat org.openqa.selenium.remote.RemoteWebDriver.execute(RemoteWebDriver.java:545)\r\n\tat org.openqa.selenium.remote.ElementLocation$ElementFinder$2.findElement(ElementLocation.java:165)\r\n\tat org.openqa.selenium.remote.ElementLocation.findElement(ElementLocation.java:59)\r\n\tat org.openqa.selenium.remote.RemoteWebDriver.findElement(RemoteWebDriver.java:368)\r\n\tat org.openqa.selenium.remote.RemoteWebDriver.findElement(RemoteWebDriver.java:362)\r\n\tat com.codeborne.selenide.impl.WebElementSelector.findElement(WebElementSelector.java:73)\r\n\tat com.codeborne.selenide.impl.WebElementSelector.findElement(WebElementSelector.java:46)\r\n\tat com.codeborne.selenide.impl.WebElementSelector.findElement(WebElementSelector.java:35)\r\n\tat com.codeborne.selenide.impl.ElementFinder.getWebElement(ElementFinder.java:122)\r\n\tat com.codeborne.selenide.impl.WebElementSource.checkConditionAndReturnElement(WebElementSource.java:115)\r\n\t... 35 more\r\n"},"stage":"finished","steps":[],"attachments":[{"name":"Screenshot","source":"59970080-fbb6-4d55-86d4-1a1912ec8b1d-attachment.png","type":"image/png"},{"name":"Page source","source":"c9d721c8-d25f-49ff-811b-7dad172901f2-attachment.html","type":"text/html"}],"parameters":[],"start":1736428819493,"stop":1736428824038}],"attachments":[],"parameters":[],"start":1736428819492,"stop":1736428824038}],"attachments":[],"parameters":[],"start":1736428804766,"stop":1736428824047}